<?xml version="1.0" encoding="UTF-8"?>
<!-- Generated by org.testng.reporters.JUnitXMLReporter -->
<testsuite ignored="0" hostname="Karthik" failures="1" tests="1" name="Default test" time="3.278" errors="0" timestamp="2024-09-07T19:54:45 IST">
  <testcase classname="eCommerceApp.Tests.Negative" name="registerPageError" time="0.011">
    <failure type="java.lang.StackOverflowError">
      <![CDATA[java.lang.StackOverflowError
at eCommerceApp.Tests.Negative.registerPageError(Negative.java:21)
at eCommerceApp.Tests.Negative.registerPageError(Negative.java:21)
at eCommerceApp.Tests.Negative.registerPageError(Negative.java:21)
at eCommerceApp.Tests.Negative.registerPageError(Negative.java:21)
at eCommerceApp.Tests.Negative.registerPageError(Negative.java:21)
at eCommerceApp.Tests.Negative.registerPageError(Negative.java:21)
at eCommerceApp.Tests.Negative.registerPageError(Negative.java:21)
at eCommerceApp.Tests.Negative.registerPageError(Negative.java:21)
at eCommerceApp.Tests.Negative.registerPageError(Negative.java:21)
at eCommerceApp.Tests.Negative.registerPageError(Negative.java:21)
at eCommerceApp.Tests.Negative.registerPageError(Negative.java:21)
at eCommerceApp.Tests.Negative.registerPageError(Negative.java:21)
at eCommerceApp.Tests.Negative.registerPageError(Negative.java:21)
at eCommerceApp.Tests.Negative.registerPageError(Negative.java:21)
at eCommerceApp.Tests.Negative.registerPageError(Negative.java:21)
at eCommerceApp.Tests.Negative.registerPageError(Negative.java:21)
at eCommerceApp.Tests.Negative.registerPageError(Negative.java:21)
at eCommerceApp.Tests.Negative.registerPageError(Negative.java:21)
at eCommerceApp.Tests.Negative.registerPageError(Negative.java:21)
at eCommerceApp.Tests.Negative.registerPageError(Negative.java:21)
at eCommerceApp.Tests.Negative.registerPageError(Negative.java:21)
at eCommerceApp.Tests.Negative.registerPageError(Negative.java:21)
at eCommerceApp.Tests.Negative.registerPageError(Negative.java:21)
at eCommerceApp.Tests.Negative.registerPageError(Negative.java:21)
at eCommerceApp.Tests.Negative.registerPageError(Negative.java:21)
at eCommerceApp.Tests.Negative.registerPageError(Negative.java:21)
at eCommerceApp.Tests.Negative.registerPageError(Negative.java:21)
at eCommerceApp.Tests.Negative.registerPageError(Negative.java:21)
at eCommerceApp.Tests.Negative.registerPageError(Negative.java:21)
at eCommerceApp.Tests.Negative.registerPageError(Negative.java:21)
at eCommerceApp.Tests.Negative.registerPageError(Negative.java:21)
at eCommerceApp.Tests.Negative.registerPageError(Negative.java:21)
at eCommerceApp.Tests.Negative.registerPageError(Negative.java:21)
at eCommerceApp.Tests.Negative.registerPageError(Negative.java:21)
at eCommerceApp.Tests.Negative.registerPageError(Negative.java:21)
at eCommerceApp.Tests.Negative.registerPageError(Negative.java:21)
at eCommerceApp.Tests.Negative.registerPageError(Negative.java:21)
at eCommerceApp.Tests.Negative.registerPageError(Negative.java:21)
at eCommerceApp.Tests.Negative.registerPageError(Negative.java:21)
at eCommerceApp.Tests.Negative.registerPageError(Negative.java:21)
at eCommerceApp.Tests.Negative.registerPageError(Negative.java:21)
at eCommerceApp.Tests.Negative.registerPageError(Negative.java:21)
at eCommerceApp.Tests.Negative.registerPageError(Negative.java:21)
at eCommerceApp.Tests.Negative.registerPageError(Negative.java:21)
at eCommerceApp.Tests.Negative.registerPageError(Negative.java:21)
at eCommerceApp.Tests.Negative.registerPageError(Negative.java:21)
at eCommerceApp.Tests.Negative.registerPageError(Negative.java:21)
at eCommerceApp.Tests.Negative.registerPageError(Negative.java:21)
at eCommerceApp.Tests.Negative.registerPageError(Negative.java:21)
at eCommerceApp.Tests.Negative.registerPageError(Negative.java:21)
at eCommerceApp.Tests.Negative.registerPageError(Negative.java:21)
at eCommerceApp.Tests.Negative.registerPageError(Negative.java:21)
at eCommerceApp.Tests.Negative.registerPageError(Negative.java:21)
at eCommerceApp.Tests.Negative.registerPageError(Negative.java:21)
at eCommerceApp.Tests.Negative.registerPageError(Negative.java:21)
at eCommerceApp.Tests.Negative.registerPageError(Negative.java:21)
at eCommerceApp.Tests.Negative.registerPageError(Negative.java:21)
at eCommerceApp.Tests.Negative.registerPageError(Negative.java:21)
at eCommerceApp.Tests.Negative.registerPageError(Negative.java:21)
at eCommerceApp.Tests.Negative.registerPageError(Negative.java:21)
at eCommerceApp.Tests.Negative.registerPageError(Negative.java:21)
at eCommerceApp.Tests.Negative.registerPageError(Negative.java:21)
at eCommerceApp.Tests.Negative.registerPageError(Negative.java:21)
at eCommerceApp.Tests.Negative.registerPageError(Negative.java:21)
at eCommerceApp.Tests.Negative.registerPageError(Negative.java:21)
at eCommerceApp.Tests.Negative.registerPageError(Negative.java:21)
at eCommerceApp.Tests.Negative.registerPageError(Negative.java:21)
at eCommerceApp.Tests.Negative.registerPageError(Negative.java:21)
at eCommerceApp.Tests.Negative.registerPageError(Negative.java:21)
at eCommerceApp.Tests.Negative.registerPageError(Negative.java:21)
at eCommerceApp.Tests.Negative.registerPageError(Negative.java:21)
at eCommerceApp.Tests.Negative.registerPageError(Negative.java:21)
at eCommerceApp.Tests.Negative.registerPageError(Negative.java:21)
at eCommerceApp.Tests.Negative.registerPageError(Negative.java:21)
at eCommerceApp.Tests.Negative.registerPageError(Negative.java:21)
at eCommerceApp.Tests.Negative.registerPageError(Negative.java:21)
at eCommerceApp.Tests.Negative.registerPageError(Negative.java:21)
at eCommerceApp.Tests.Negative.registerPageError(Negative.java:21)
at eCommerceApp.Tests.Negative.registerPageError(Negative.java:21)
at eCommerceApp.Tests.Negative.registerPageError(Negative.java:21)
at eCommerceApp.Tests.Negative.registerPageError(Negative.java:21)
at eCommerceApp.Tests.Negative.registerPageError(Negative.java:21)
at eCommerceApp.Tests.Negative.registerPageError(Negative.java:21)
at eCommerceApp.Tests.Negative.registerPageError(Negative.java:21)
at eCommerceApp.Tests.Negative.registerPageError(Negative.java:21)
at eCommerceApp.Tests.Negative.registerPageError(Negative.java:21)
at eCommerceApp.Tests.Negative.registerPageError(Negative.java:21)
at eCommerceApp.Tests.Negative.registerPageError(Negative.java:21)
at eCommerceApp.Tests.Negative.registerPageError(Negative.java:21)
at eCommerceApp.Tests.Negative.registerPageError(Negative.java:21)
at eCommerceApp.Tests.Negative.registerPageError(Negative.java:21)
at eCommerceApp.Tests.Negative.registerPageError(Negative.java:21)
at eCommerceApp.Tests.Negative.registerPageError(Negative.java:21)
at eCommerceApp.Tests.Negative.registerPageError(Negative.java:21)
at eCommerceApp.Tests.Negative.registerPageError(Negative.java:21)
at eCommerceApp.Tests.Negative.registerPageError(Negative.java:21)
at eCommerceApp.Tests.Negative.registerPageError(Negative.java:21)
at eCommerceApp.Tests.Negative.registerPageError(Negative.java:21)
at eCommerceApp.Tests.Negative.registerPageError(Negative.java:21)
at eCommerceApp.Tests.Negative.registerPageError(Negative.java:21)
at eCommerceApp.Tests.Negative.registerPageError(Negative.java:21)
at eCommerceApp.Tests.Negative.registerPageError(Negative.java:21)
at eCommerceApp.Tests.Negative.registerPageError(Negative.java:21)
at eCommerceApp.Tests.Negative.registerPageError(Negative.java:21)
at eCommerceApp.Tests.Negative.registerPageError(Negative.java:21)
at eCommerceApp.Tests.Negative.registerPageError(Negative.java:21)
at eCommerceApp.Tests.Negative.registerPageError(Negative.java:21)
at eCommerceApp.Tests.Negative.registerPageError(Negative.java:21)
at eCommerceApp.Tests.Negative.registerPageError(Negative.java:21)
at eCommerceApp.Tests.Negative.registerPageError(Negative.java:21)
at eCommerceApp.Tests.Negative.registerPageError(Negative.java:21)
at eCommerceApp.Tests.Negative.registerPageError(Negative.java:21)
at eCommerceApp.Tests.Negative.registerPageError(Negative.java:21)
at eCommerceApp.Tests.Negative.registerPageError(Negative.java:21)
at eCommerceApp.Tests.Negative.registerPageError(Negative.java:21)
at eCommerceApp.Tests.Negative.registerPageError(Negative.java:21)
at eCommerceApp.Tests.Negative.registerPageError(Negative.java:21)
at eCommerceApp.Tests.Negative.registerPageError(Negative.java:21)
at eCommerceApp.Tests.Negative.registerPageError(Negative.java:21)
at eCommerceApp.Tests.Negative.registerPageError(Negative.java:21)
at eCommerceApp.Tests.Negative.registerPageError(Negative.java:21)
at eCommerceApp.Tests.Negative.registerPageError(Negative.java:21)
at eCommerceApp.Tests.Negative.registerPageError(Negative.java:21)
at eCommerceApp.Tests.Negative.registerPageError(Negative.java:21)
at eCommerceApp.Tests.Negative.registerPageError(Negative.java:21)
at eCommerceApp.Tests.Negative.registerPageError(Negative.java:21)
at eCommerceApp.Tests.Negative.registerPageError(Negative.java:21)
at eCommerceApp.Tests.Negative.registerPageError(Negative.java:21)
at eCommerceApp.Tests.Negative.registerPageError(Negative.java:21)
at eCommerceApp.Tests.Negative.registerPageError(Negative.java:21)
at eCommerceApp.Tests.Negative.registerPageError(Negative.java:21)
at eCommerceApp.Tests.Negative.registerPageError(Negative.java:21)
at eCommerceApp.Tests.Negative.registerPageError(Negative.java:21)
at eCommerceApp.Tests.Negative.registerPageError(Negative.java:21)
at eCommerceApp.Tests.Negative.registerPageError(Negative.java:21)
at eCommerceApp.Tests.Negative.registerPageError(Negative.java:21)
at eCommerceApp.Tests.Negative.registerPageError(Negative.java:21)
at eCommerceApp.Tests.Negative.registerPageError(Negative.java:21)
at eCommerceApp.Tests.Negative.registerPageError(Negative.java:21)
at eCommerceApp.Tests.Negative.registerPageError(Negative.java:21)
at eCommerceApp.Tests.Negative.registerPageError(Negative.java:21)
at eCommerceApp.Tests.Negative.registerPageError(Negative.java:21)
at eCommerceApp.Tests.Negative.registerPageError(Negative.java:21)
at eCommerceApp.Tests.Negative.registerPageError(Negative.java:21)
at eCommerceApp.Tests.Negative.registerPageError(Negative.java:21)
at eCommerceApp.Tests.Negative.registerPageError(Negative.java:21)
at eCommerceApp.Tests.Negative.registerPageError(Negative.java:21)
at eCommerceApp.Tests.Negative.registerPageError(Negative.java:21)
at eCommerceApp.Tests.Negative.registerPageError(Negative.java:21)
at eCommerceApp.Tests.Negative.registerPageError(Negative.java:21)
at eCommerceApp.Tests.Negative.registerPageError(Negative.java:21)
at eCommerceApp.Tests.Negative.registerPageError(Negative.java:21)
at eCommerceApp.Tests.Negative.registerPageError(Negative.java:21)
at eCommerceApp.Tests.Negative.registerPageError(Negative.java:21)
at eCommerceApp.Tests.Negative.registerPageError(Negative.java:21)
at eCommerceApp.Tests.Negative.registerPageError(Negative.java:21)
at eCommerceApp.Tests.Negative.registerPageError(Negative.java:21)
at eCommerceApp.Tests.Negative.registerPageError(Negative.java:21)
at eCommerceApp.Tests.Negative.registerPageError(Negative.java:21)
at eCommerceApp.Tests.Negative.registerPageError(Negative.java:21)
at eCommerceApp.Tests.Negative.registerPageError(Negative.java:21)
at eCommerceApp.Tests.Negative.registerPageError(Negative.java:21)
at eCommerceApp.Tests.Negative.registerPageError(Negative.java:21)
at eCommerceApp.Tests.Negative.registerPageError(Negative.java:21)
at eCommerceApp.Tests.Negative.registerPageError(Negative.java:21)
at eCommerceApp.Tests.Negative.registerPageError(Negative.java:21)
at eCommerceApp.Tests.Negative.registerPageError(Negative.java:21)
at eCommerceApp.Tests.Negative.registerPageError(Negative.java:21)
at eCommerceApp.Tests.Negative.registerPageError(Negative.java:21)
at eCommerceApp.Tests.Negative.registerPageError(Negative.java:21)
at eCommerceApp.Tests.Negative.registerPageError(Negative.java:21)
at eCommerceApp.Tests.Negative.registerPageError(Negative.java:21)
at eCommerceApp.Tests.Negative.registerPageError(Negative.java:21)
at eCommerceApp.Tests.Negative.registerPageError(Negative.java:21)
at eCommerceApp.Tests.Negative.registerPageError(Negative.java:21)
at eCommerceApp.Tests.Negative.registerPageError(Negative.java:21)
at eCommerceApp.Tests.Negative.registerPageError(Negative.java:21)
at eCommerceApp.Tests.Negative.registerPageError(Negative.java:21)
at eCommerceApp.Tests.Negative.registerPageError(Negative.java:21)
at eCommerceApp.Tests.Negative.registerPageError(Negative.java:21)
at eCommerceApp.Tests.Negative.registerPageError(Negative.java:21)
at eCommerceApp.Tests.Negative.registerPageError(Negative.java:21)
at eCommerceApp.Tests.Negative.registerPageError(Negative.java:21)
at eCommerceApp.Tests.Negative.registerPageError(Negative.java:21)
at eCommerceApp.Tests.Negative.registerPageError(Negative.java:21)
at eCommerceApp.Tests.Negative.registerPageError(Negative.java:21)
at eCommerceApp.Tests.Negative.registerPageError(Negative.java:21)
at eCommerceApp.Tests.Negative.registerPageError(Negative.java:21)
at eCommerceApp.Tests.Negative.registerPageError(Negative.java:21)
at eCommerceApp.Tests.Negative.registerPageError(Negative.java:21)
at eCommerceApp.Tests.Negative.registerPageError(Negative.java:21)
at eCommerceApp.Tests.Negative.registerPageError(Negative.java:21)
at eCommerceApp.Tests.Negative.registerPageError(Negative.java:21)
at eCommerceApp.Tests.Negative.registerPageError(Negative.java:21)
at eCommerceApp.Tests.Negative.registerPageError(Negative.java:21)
at eCommerceApp.Tests.Negative.registerPageError(Negative.java:21)
at eCommerceApp.Tests.Negative.registerPageError(Negative.java:21)
at eCommerceApp.Tests.Negative.registerPageError(Negative.java:21)
at eCommerceApp.Tests.Negative.registerPageError(Negative.java:21)
at eCommerceApp.Tests.Negative.registerPageError(Negative.java:21)
at eCommerceApp.Tests.Negative.registerPageError(Negative.java:21)
at eCommerceApp.Tests.Negative.registerPageError(Negative.java:21)
at eCommerceApp.Tests.Negative.registerPageError(Negative.java:21)
at eCommerceApp.Tests.Negative.registerPageError(Negative.java:21)
at eCommerceApp.Tests.Negative.registerPageError(Negative.java:21)
at eCommerceApp.Tests.Negative.registerPageError(Negative.java:21)
at eCommerceApp.Tests.Negative.registerPageError(Negative.java:21)
at eCommerceApp.Tests.Negative.registerPageError(Negative.java:21)
at eCommerceApp.Tests.Negative.registerPageError(Negative.java:21)
at eCommerceApp.Tests.Negative.registerPageError(Negative.java:21)
at eCommerceApp.Tests.Negative.registerPageError(Negative.java:21)
at eCommerceApp.Tests.Negative.registerPageError(Negative.java:21)
at eCommerceApp.Tests.Negative.registerPageError(Negative.java:21)
at eCommerceApp.Tests.Negative.registerPageError(Negative.java:21)
at eCommerceApp.Tests.Negative.registerPageError(Negative.java:21)
at eCommerceApp.Tests.Negative.registerPageError(Negative.java:21)
at eCommerceApp.Tests.Negative.registerPageError(Negative.java:21)
at eCommerceApp.Tests.Negative.registerPageError(Negative.java:21)
at eCommerceApp.Tests.Negative.registerPageError(Negative.java:21)
at eCommerceApp.Tests.Negative.registerPageError(Negative.java:21)
at eCommerceApp.Tests.Negative.registerPageError(Negative.java:21)
at eCommerceApp.Tests.Negative.registerPageError(Negative.java:21)
at eCommerceApp.Tests.Negative.registerPageError(Negative.java:21)
at eCommerceApp.Tests.Negative.registerPageError(Negative.java:21)
at eCommerceApp.Tests.Negative.registerPageError(Negative.java:21)
at eCommerceApp.Tests.Negative.registerPageError(Negative.java:21)
at eCommerceApp.Tests.Negative.registerPageError(Negative.java:21)
at eCommerceApp.Tests.Negative.registerPageError(Negative.java:21)
at eCommerceApp.Tests.Negative.registerPageError(Negative.java:21)
at eCommerceApp.Tests.Negative.registerPageError(Negative.java:21)
at eCommerceApp.Tests.Negative.registerPageError(Negative.java:21)
at eCommerceApp.Tests.Negative.registerPageError(Negative.java:21)
at eCommerceApp.Tests.Negative.registerPageError(Negative.java:21)
at eCommerceApp.Tests.Negative.registerPageError(Negative.java:21)
at eCommerceApp.Tests.Negative.registerPageError(Negative.java:21)
at eCommerceApp.Tests.Negative.registerPageError(Negative.java:21)
at eCommerceApp.Tests.Negative.registerPageError(Negative.java:21)
at eCommerceApp.Tests.Negative.registerPageError(Negative.java:21)
at eCommerceApp.Tests.Negative.registerPageError(Negative.java:21)
at eCommerceApp.Tests.Negative.registerPageError(Negative.java:21)
at eCommerceApp.Tests.Negative.registerPageError(Negative.java:21)
at eCommerceApp.Tests.Negative.registerPageError(Negative.java:21)
at eCommerceApp.Tests.Negative.registerPageError(Negative.java:21)
at eCommerceApp.Tests.Negative.registerPageError(Negative.java:21)
at eCommerceApp.Tests.Negative.registerPageError(Negative.java:21)
at eCommerceApp.Tests.Negative.registerPageError(Negative.java:21)
at eCommerceApp.Tests.Negative.registerPageError(Negative.java:21)
at eCommerceApp.Tests.Negative.registerPageError(Negative.java:21)
at eCommerceApp.Tests.Negative.registerPageError(Negative.java:21)
at eCommerceApp.Tests.Negative.registerPageError(Negative.java:21)
at eCommerceApp.Tests.Negative.registerPageError(Negative.java:21)
at eCommerceApp.Tests.Negative.registerPageError(Negative.java:21)
at eCommerceApp.Tests.Negative.registerPageError(Negative.java:21)
at eCommerceApp.Tests.Negative.registerPageError(Negative.java:21)
at eCommerceApp.Tests.Negative.registerPageError(Negative.java:21)
at eCommerceApp.Tests.Negative.registerPageError(Negative.java:21)
at eCommerceApp.Tests.Negative.registerPageError(Negative.java:21)
at eCommerceApp.Tests.Negative.registerPageError(Negative.java:21)
at eCommerceApp.Tests.Negative.registerPageError(Negative.java:21)
at eCommerceApp.Tests.Negative.registerPageError(Negative.java:21)
at eCommerceApp.Tests.Negative.registerPageError(Negative.java:21)
at eCommerceApp.Tests.Negative.registerPageError(Negative.java:21)
at eCommerceApp.Tests.Negative.registerPageError(Negative.java:21)
at eCommerceApp.Tests.Negative.registerPageError(Negative.java:21)
at eCommerceApp.Tests.Negative.registerPageError(Negative.java:21)
at eCommerceApp.Tests.Negative.registerPageError(Negative.java:21)
at eCommerceApp.Tests.Negative.registerPageError(Negative.java:21)
at eCommerceApp.Tests.Negative.registerPageError(Negative.java:21)
at eCommerceApp.Tests.Negative.registerPageError(Negative.java:21)
at eCommerceApp.Tests.Negative.registerPageError(Negative.java:21)
at eCommerceApp.Tests.Negative.registerPageError(Negative.java:21)
at eCommerceApp.Tests.Negative.registerPageError(Negative.java:21)
at eCommerceApp.Tests.Negative.registerPageError(Negative.java:21)
at eCommerceApp.Tests.Negative.registerPageError(Negative.java:21)
at eCommerceApp.Tests.Negative.registerPageError(Negative.java:21)
at eCommerceApp.Tests.Negative.registerPageError(Negative.java:21)
at eCommerceApp.Tests.Negative.registerPageError(Negative.java:21)
at eCommerceApp.Tests.Negative.registerPageError(Negative.java:21)
at eCommerceApp.Tests.Negative.registerPageError(Negative.java:21)
at eCommerceApp.Tests.Negative.registerPageError(Negative.java:21)
at eCommerceApp.Tests.Negative.registerPageError(Negative.java:21)
at eCommerceApp.Tests.Negative.registerPageError(Negative.java:21)
at eCommerceApp.Tests.Negative.registerPageError(Negative.java:21)
at eCommerceApp.Tests.Negative.registerPageError(Negative.java:21)
at eCommerceApp.Tests.Negative.registerPageError(Negative.java:21)
at eCommerceApp.Tests.Negative.registerPageError(Negative.java:21)
at eCommerceApp.Tests.Negative.registerPageError(Negative.java:21)
at eCommerceApp.Tests.Negative.registerPageError(Negative.java:21)
at eCommerceApp.Tests.Negative.registerPageError(Negative.java:21)
at eCommerceApp.Tests.Negative.registerPageError(Negative.java:21)
at eCommerceApp.Tests.Negative.registerPageError(Negative.java:21)
at eCommerceApp.Tests.Negative.registerPageError(Negative.java:21)
at eCommerceApp.Tests.Negative.registerPageError(Negative.java:21)
at eCommerceApp.Tests.Negative.registerPageError(Negative.java:21)
at eCommerceApp.Tests.Negative.registerPageError(Negative.java:21)
at eCommerceApp.Tests.Negative.registerPageError(Negative.java:21)
at eCommerceApp.Tests.Negative.registerPageError(Negative.java:21)
at eCommerceApp.Tests.Negative.registerPageError(Negative.java:21)
at eCommerceApp.Tests.Negative.registerPageError(Negative.java:21)
at eCommerceApp.Tests.Negative.registerPageError(Negative.java:21)
at eCommerceApp.Tests.Negative.registerPageError(Negative.java:21)
at eCommerceApp.Tests.Negative.registerPageError(Negative.java:21)
at eCommerceApp.Tests.Negative.registerPageError(Negative.java:21)
at eCommerceApp.Tests.Negative.registerPageError(Negative.java:21)
at eCommerceApp.Tests.Negative.registerPageError(Negative.java:21)
at eCommerceApp.Tests.Negative.registerPageError(Negative.java:21)
at eCommerceApp.Tests.Negative.registerPageError(Negative.java:21)
at eCommerceApp.Tests.Negative.registerPageError(Negative.java:21)
at eCommerceApp.Tests.Negative.registerPageError(Negative.java:21)
at eCommerceApp.Tests.Negative.registerPageError(Negative.java:21)
at eCommerceApp.Tests.Negative.registerPageError(Negative.java:21)
at eCommerceApp.Tests.Negative.registerPageError(Negative.java:21)
at eCommerceApp.Tests.Negative.registerPageError(Negative.java:21)
at eCommerceApp.Tests.Negative.registerPageError(Negative.java:21)
at eCommerceApp.Tests.Negative.registerPageError(Negative.java:21)
at eCommerceApp.Tests.Negative.registerPageError(Negative.java:21)
at eCommerceApp.Tests.Negative.registerPageError(Negative.java:21)
at eCommerceApp.Tests.Negative.registerPageError(Negative.java:21)
at eCommerceApp.Tests.Negative.registerPageError(Negative.java:21)
at eCommerceApp.Tests.Negative.registerPageError(Negative.java:21)
at eCommerceApp.Tests.Negative.registerPageError(Negative.java:21)
at eCommerceApp.Tests.Negative.registerPageError(Negative.java:21)
at eCommerceApp.Tests.Negative.registerPageError(Negative.java:21)
at eCommerceApp.Tests.Negative.registerPageError(Negative.java:21)
at eCommerceApp.Tests.Negative.registerPageError(Negative.java:21)
at eCommerceApp.Tests.Negative.registerPageError(Negative.java:21)
at eCommerceApp.Tests.Negative.registerPageError(Negative.java:21)
at eCommerceApp.Tests.Negative.registerPageError(Negative.java:21)
at eCommerceApp.Tests.Negative.registerPageError(Negative.java:21)
at eCommerceApp.Tests.Negative.registerPageError(Negative.java:21)
at eCommerceApp.Tests.Negative.registerPageError(Negative.java:21)
at eCommerceApp.Tests.Negative.registerPageError(Negative.java:21)
at eCommerceApp.Tests.Negative.registerPageError(Negative.java:21)
at eCommerceApp.Tests.Negative.registerPageError(Negative.java:21)
at eCommerceApp.Tests.Negative.registerPageError(Negative.java:21)
at eCommerceApp.Tests.Negative.registerPageError(Negative.java:21)
at eCommerceApp.Tests.Negative.registerPageError(Negative.java:21)
at eCommerceApp.Tests.Negative.registerPageError(Negative.java:21)
at eCommerceApp.Tests.Negative.registerPageError(Negative.java:21)
at eCommerceApp.Tests.Negative.registerPageError(Negative.java:21)
at eCommerceApp.Tests.Negative.registerPageError(Negative.java:21)
at eCommerceApp.Tests.Negative.registerPageError(Negative.java:21)
at eCommerceApp.Tests.Negative.registerPageError(Negative.java:21)
at eCommerceApp.Tests.Negative.registerPageError(Negative.java:21)
at eCommerceApp.Tests.Negative.registerPageError(Negative.java:21)
at eCommerceApp.Tests.Negative.registerPageError(Negative.java:21)
at eCommerceApp.Tests.Negative.registerPageError(Negative.java:21)
at eCommerceApp.Tests.Negative.registerPageError(Negative.java:21)
at eCommerceApp.Tests.Negative.registerPageError(Negative.java:21)
at eCommerceApp.Tests.Negative.registerPageError(Negative.java:21)
at eCommerceApp.Tests.Negative.registerPageError(Negative.java:21)
at eCommerceApp.Tests.Negative.registerPageError(Negative.java:21)
at eCommerceApp.Tests.Negative.registerPageError(Negative.java:21)
at eCommerceApp.Tests.Negative.registerPageError(Negative.java:21)
at eCommerceApp.Tests.Negative.registerPageError(Negative.java:21)
at eCommerceApp.Tests.Negative.registerPageError(Negative.java:21)
at eCommerceApp.Tests.Negative.registerPageError(Negative.java:21)
at eCommerceApp.Tests.Negative.registerPageError(Negative.java:21)
at eCommerceApp.Tests.Negative.registerPageError(Negative.java:21)
at eCommerceApp.Tests.Negative.registerPageError(Negative.java:21)
at eCommerceApp.Tests.Negative.registerPageError(Negative.java:21)
at eCommerceApp.Tests.Negative.registerPageError(Negative.java:21)
at eCommerceApp.Tests.Negative.registerPageError(Negative.java:21)
at eCommerceApp.Tests.Negative.registerPageError(Negative.java:21)
at eCommerceApp.Tests.Negative.registerPageError(Negative.java:21)
at eCommerceApp.Tests.Negative.registerPageError(Negative.java:21)
at eCommerceApp.Tests.Negative.registerPageError(Negative.java:21)
at eCommerceApp.Tests.Negative.registerPageError(Negative.java:21)
at eCommerceApp.Tests.Negative.registerPageError(Negative.java:21)
at eCommerceApp.Tests.Negative.registerPageError(Negative.java:21)
at eCommerceApp.Tests.Negative.registerPageError(Negative.java:21)
at eCommerceApp.Tests.Negative.registerPageError(Negative.java:21)
at eCommerceApp.Tests.Negative.registerPageError(Negative.java:21)
at eCommerceApp.Tests.Negative.registerPageError(Negative.java:21)
at eCommerceApp.Tests.Negative.registerPageError(Negative.java:21)
at eCommerceApp.Tests.Negative.registerPageError(Negative.java:21)
at eCommerceApp.Tests.Negative.registerPageError(Negative.java:21)
at eCommerceApp.Tests.Negative.registerPageError(Negative.java:21)
at eCommerceApp.Tests.Negative.registerPageError(Negative.java:21)
at eCommerceApp.Tests.Negative.registerPageError(Negative.java:21)
at eCommerceApp.Tests.Negative.registerPageError(Negative.java:21)
at eCommerceApp.Tests.Negative.registerPageError(Negative.java:21)
at eCommerceApp.Tests.Negative.registerPageError(Negative.java:21)
at eCommerceApp.Tests.Negative.registerPageError(Negative.java:21)
at eCommerceApp.Tests.Negative.registerPageError(Negative.java:21)
at eCommerceApp.Tests.Negative.registerPageError(Negative.java:21)
at eCommerceApp.Tests.Negative.registerPageError(Negative.java:21)
at eCommerceApp.Tests.Negative.registerPageError(Negative.java:21)
at eCommerceApp.Tests.Negative.registerPageError(Negative.java:21)
at eCommerceApp.Tests.Negative.registerPageError(Negative.java:21)
at eCommerceApp.Tests.Negative.registerPageError(Negative.java:21)
at eCommerceApp.Tests.Negative.registerPageError(Negative.java:21)
at eCommerceApp.Tests.Negative.registerPageError(Negative.java:21)
at eCommerceApp.Tests.Negative.registerPageError(Negative.java:21)
at eCommerceApp.Tests.Negative.registerPageError(Negative.java:21)
at eCommerceApp.Tests.Negative.registerPageError(Negative.java:21)
at eCommerceApp.Tests.Negative.registerPageError(Negative.java:21)
at eCommerceApp.Tests.Negative.registerPageError(Negative.java:21)
at eCommerceApp.Tests.Negative.registerPageError(Negative.java:21)
at eCommerceApp.Tests.Negative.registerPageError(Negative.java:21)
at eCommerceApp.Tests.Negative.registerPageError(Negative.java:21)
at eCommerceApp.Tests.Negative.registerPageError(Negative.java:21)
at eCommerceApp.Tests.Negative.registerPageError(Negative.java:21)
at eCommerceApp.Tests.Negative.registerPageError(Negative.java:21)
at eCommerceApp.Tests.Negative.registerPageError(Negative.java:21)
at eCommerceApp.Tests.Negative.registerPageError(Negative.java:21)
at eCommerceApp.Tests.Negative.registerPageError(Negative.java:21)
at eCommerceApp.Tests.Negative.registerPageError(Negative.java:21)
at eCommerceApp.Tests.Negative.registerPageError(Negative.java:21)
at eCommerceApp.Tests.Negative.registerPageError(Negative.java:21)
at eCommerceApp.Tests.Negative.registerPageError(Negative.java:21)
at eCommerceApp.Tests.Negative.registerPageError(Negative.java:21)
at eCommerceApp.Tests.Negative.registerPageError(Negative.java:21)
at eCommerceApp.Tests.Negative.registerPageError(Negative.java:21)
at eCommerceApp.Tests.Negative.registerPageError(Negative.java:21)
at eCommerceApp.Tests.Negative.registerPageError(Negative.java:21)
at eCommerceApp.Tests.Negative.registerPageError(Negative.java:21)
at eCommerceApp.Tests.Negative.registerPageError(Negative.java:21)
at eCommerceApp.Tests.Negative.registerPageError(Negative.java:21)
at eCommerceApp.Tests.Negative.registerPageError(Negative.java:21)
at eCommerceApp.Tests.Negative.registerPageError(Negative.java:21)
at eCommerceApp.Tests.Negative.registerPageError(Negative.java:21)
at eCommerceApp.Tests.Negative.registerPageError(Negative.java:21)
at eCommerceApp.Tests.Negative.registerPageError(Negative.java:21)
at eCommerceApp.Tests.Negative.registerPageError(Negative.java:21)
at eCommerceApp.Tests.Negative.registerPageError(Negative.java:21)
at eCommerceApp.Tests.Negative.registerPageError(Negative.java:21)
at eCommerceApp.Tests.Negative.registerPageError(Negative.java:21)
at eCommerceApp.Tests.Negative.registerPageError(Negative.java:21)
at eCommerceApp.Tests.Negative.registerPageError(Negative.java:21)
at eCommerceApp.Tests.Negative.registerPageError(Negative.java:21)
at eCommerceApp.Tests.Negative.registerPageError(Negative.java:21)
at eCommerceApp.Tests.Negative.registerPageError(Negative.java:21)
at eCommerceApp.Tests.Negative.registerPageError(Negative.java:21)
at eCommerceApp.Tests.Negative.registerPageError(Negative.java:21)
at eCommerceApp.Tests.Negative.registerPageError(Negative.java:21)
at eCommerceApp.Tests.Negative.registerPageError(Negative.java:21)
at eCommerceApp.Tests.Negative.registerPageError(Negative.java:21)
at eCommerceApp.Tests.Negative.registerPageError(Negative.java:21)
at eCommerceApp.Tests.Negative.registerPageError(Negative.java:21)
at eCommerceApp.Tests.Negative.registerPageError(Negative.java:21)
at eCommerceApp.Tests.Negative.registerPageError(Negative.java:21)
at eCommerceApp.Tests.Negative.registerPageError(Negative.java:21)
at eCommerceApp.Tests.Negative.registerPageError(Negative.java:21)
at eCommerceApp.Tests.Negative.registerPageError(Negative.java:21)
at eCommerceApp.Tests.Negative.registerPageError(Negative.java:21)
at eCommerceApp.Tests.Negative.registerPageError(Negative.java:21)
at eCommerceApp.Tests.Negative.registerPageError(Negative.java:21)
at eCommerceApp.Tests.Negative.registerPageError(Negative.java:21)
at eCommerceApp.Tests.Negative.registerPageError(Negative.java:21)
at eCommerceApp.Tests.Negative.registerPageError(Negative.java:21)
at eCommerceApp.Tests.Negative.registerPageError(Negative.java:21)
at eCommerceApp.Tests.Negative.registerPageError(Negative.java:21)
at eCommerceApp.Tests.Negative.registerPageError(Negative.java:21)
at eCommerceApp.Tests.Negative.registerPageError(Negative.java:21)
at eCommerceApp.Tests.Negative.registerPageError(Negative.java:21)
at eCommerceApp.Tests.Negative.registerPageError(Negative.java:21)
at eCommerceApp.Tests.Negative.registerPageError(Negative.java:21)
at eCommerceApp.Tests.Negative.registerPageError(Negative.java:21)
at eCommerceApp.Tests.Negative.registerPageError(Negative.java:21)
at eCommerceApp.Tests.Negative.registerPageError(Negative.java:21)
at eCommerceApp.Tests.Negative.registerPageError(Negative.java:21)
at eCommerceApp.Tests.Negative.registerPageError(Negative.java:21)
at eCommerceApp.Tests.Negative.registerPageError(Negative.java:21)
at eCommerceApp.Tests.Negative.registerPageError(Negative.java:21)
at eCommerceApp.Tests.Negative.registerPageError(Negative.java:21)
at eCommerceApp.Tests.Negative.registerPageError(Negative.java:21)
at eCommerceApp.Tests.Negative.registerPageError(Negative.java:21)
at eCommerceApp.Tests.Negative.registerPageError(Negative.java:21)
at eCommerceApp.Tests.Negative.registerPageError(Negative.java:21)
at eCommerceApp.Tests.Negative.registerPageError(Negative.java:21)
at eCommerceApp.Tests.Negative.registerPageError(Negative.java:21)
at eCommerceApp.Tests.Negative.registerPageError(Negative.java:21)
at eCommerceApp.Tests.Negative.registerPageError(Negative.java:21)
at eCommerceApp.Tests.Negative.registerPageError(Negative.java:21)
at eCommerceApp.Tests.Negative.registerPageError(Negative.java:21)
at eCommerceApp.Tests.Negative.registerPageError(Negative.java:21)
at eCommerceApp.Tests.Negative.registerPageError(Negative.java:21)
at eCommerceApp.Tests.Negative.registerPageError(Negative.java:21)
at eCommerceApp.Tests.Negative.registerPageError(Negative.java:21)
at eCommerceApp.Tests.Negative.registerPageError(Negative.java:21)
at eCommerceApp.Tests.Negative.registerPageError(Negative.java:21)
at eCommerceApp.Tests.Negative.registerPageError(Negative.java:21)
at eCommerceApp.Tests.Negative.registerPageError(Negative.java:21)
at eCommerceApp.Tests.Negative.registerPageError(Negative.java:21)
at eCommerceApp.Tests.Negative.registerPageError(Negative.java:21)
at eCommerceApp.Tests.Negative.registerPageError(Negative.java:21)
at eCommerceApp.Tests.Negative.registerPageError(Negative.java:21)
at eCommerceApp.Tests.Negative.registerPageError(Negative.java:21)
at eCommerceApp.Tests.Negative.registerPageError(Negative.java:21)
at eCommerceApp.Tests.Negative.registerPageError(Negative.java:21)
at eCommerceApp.Tests.Negative.registerPageError(Negative.java:21)
at eCommerceApp.Tests.Negative.registerPageError(Negative.java:21)
at eCommerceApp.Tests.Negative.registerPageError(Negative.java:21)
at eCommerceApp.Tests.Negative.registerPageError(Negative.java:21)
at eCommerceApp.Tests.Negative.registerPageError(Negative.java:21)
at eCommerceApp.Tests.Negative.registerPageError(Negative.java:21)
at eCommerceApp.Tests.Negative.registerPageError(Negative.java:21)
at eCommerceApp.Tests.Negative.registerPageError(Negative.java:21)
at eCommerceApp.Tests.Negative.registerPageError(Negative.java:21)
at eCommerceApp.Tests.Negative.registerPageError(Negative.java:21)
at eCommerceApp.Tests.Negative.registerPageError(Negative.java:21)
at eCommerceApp.Tests.Negative.registerPageError(Negative.java:21)
at eCommerceApp.Tests.Negative.registerPageError(Negative.java:21)
at eCommerceApp.Tests.Negative.registerPageError(Negative.java:21)
at eCommerceApp.Tests.Negative.registerPageError(Negative.java:21)
at eCommerceApp.Tests.Negative.registerPageError(Negative.java:21)
at eCommerceApp.Tests.Negative.registerPageError(Negative.java:21)
at eCommerceApp.Tests.Negative.registerPageError(Negative.java:21)
at eCommerceApp.Tests.Negative.registerPageError(Negative.java:21)
at eCommerceApp.Tests.Negative.registerPageError(Negative.java:21)
at eCommerceApp.Tests.Negative.registerPageError(Negative.java:21)
at eCommerceApp.Tests.Negative.registerPageError(Negative.java:21)
at eCommerceApp.Tests.Negative.registerPageError(Negative.java:21)
at eCommerceApp.Tests.Negative.registerPageError(Negative.java:21)
at eCommerceApp.Tests.Negative.registerPageError(Negative.java:21)
at eCommerceApp.Tests.Negative.registerPageError(Negative.java:21)
at eCommerceApp.Tests.Negative.registerPageError(Negative.java:21)
at eCommerceApp.Tests.Negative.registerPageError(Negative.java:21)
at eCommerceApp.Tests.Negative.registerPageError(Negative.java:21)
at eCommerceApp.Tests.Negative.registerPageError(Negative.java:21)
at eCommerceApp.Tests.Negative.registerPageError(Negative.java:21)
at eCommerceApp.Tests.Negative.registerPageError(Negative.java:21)
at eCommerceApp.Tests.Negative.registerPageError(Negative.java:21)
at eCommerceApp.Tests.Negative.registerPageError(Negative.java:21)
at eCommerceApp.Tests.Negative.registerPageError(Negative.java:21)
at eCommerceApp.Tests.Negative.registerPageError(Negative.java:21)
at eCommerceApp.Tests.Negative.registerPageError(Negative.java:21)
at eCommerceApp.Tests.Negative.registerPageError(Negative.java:21)
at eCommerceApp.Tests.Negative.registerPageError(Negative.java:21)
at eCommerceApp.Tests.Negative.registerPageError(Negative.java:21)
at eCommerceApp.Tests.Negative.registerPageError(Negative.java:21)
at eCommerceApp.Tests.Negative.registerPageError(Negative.java:21)
at eCommerceApp.Tests.Negative.registerPageError(Negative.java:21)
at eCommerceApp.Tests.Negative.registerPageError(Negative.java:21)
at eCommerceApp.Tests.Negative.registerPageError(Negative.java:21)
at eCommerceApp.Tests.Negative.registerPageError(Negative.java:21)
at eCommerceApp.Tests.Negative.registerPageError(Negative.java:21)
at eCommerceApp.Tests.Negative.registerPageError(Negative.java:21)
at eCommerceApp.Tests.Negative.registerPageError(Negative.java:21)
at eCommerceApp.Tests.Negative.registerPageError(Negative.java:21)
at eCommerceApp.Tests.Negative.registerPageError(Negative.java:21)
at eCommerceApp.Tests.Negative.registerPageError(Negative.java:21)
at eCommerceApp.Tests.Negative.registerPageError(Negative.java:21)
at eCommerceApp.Tests.Negative.registerPageError(Negative.java:21)
at eCommerceApp.Tests.Negative.registerPageError(Negative.java:21)
at eCommerceApp.Tests.Negative.registerPageError(Negative.java:21)
at eCommerceApp.Tests.Negative.registerPageError(Negative.java:21)
at eCommerceApp.Tests.Negative.registerPageError(Negative.java:21)
at eCommerceApp.Tests.Negative.registerPageError(Negative.java:21)
at eCommerceApp.Tests.Negative.registerPageError(Negative.java:21)
at eCommerceApp.Tests.Negative.registerPageError(Negative.java:21)
at eCommerceApp.Tests.Negative.registerPageError(Negative.java:21)
at eCommerceApp.Tests.Negative.registerPageError(Negative.java:21)
at eCommerceApp.Tests.Negative.registerPageError(Negative.java:21)
at eCommerceApp.Tests.Negative.registerPageError(Negative.java:21)
at eCommerceApp.Tests.Negative.registerPageError(Negative.java:21)
at eCommerceApp.Tests.Negative.registerPageError(Negative.java:21)
at eCommerceApp.Tests.Negative.registerPageError(Negative.java:21)
at eCommerceApp.Tests.Negative.registerPageError(Negative.java:21)
at eCommerceApp.Tests.Negative.registerPageError(Negative.java:21)
at eCommerceApp.Tests.Negative.registerPageError(Negative.java:21)
at eCommerceApp.Tests.Negative.registerPageError(Negative.java:21)
at eCommerceApp.Tests.Negative.registerPageError(Negative.java:21)
at eCommerceApp.Tests.Negative.registerPageError(Negative.java:21)
at eCommerceApp.Tests.Negative.registerPageError(Negative.java:21)
at eCommerceApp.Tests.Negative.registerPageError(Negative.java:21)
at eCommerceApp.Tests.Negative.registerPageError(Negative.java:21)
at eCommerceApp.Tests.Negative.registerPageError(Negative.java:21)
at eCommerceApp.Tests.Negative.registerPageError(Negative.java:21)
at eCommerceApp.Tests.Negative.registerPageError(Negative.java:21)
at eCommerceApp.Tests.Negative.registerPageError(Negative.java:21)
at eCommerceApp.Tests.Negative.registerPageError(Negative.java:21)
at eCommerceApp.Tests.Negative.registerPageError(Negative.java:21)
at eCommerceApp.Tests.Negative.registerPageError(Negative.java:21)
at eCommerceApp.Tests.Negative.registerPageError(Negative.java:21)
at eCommerceApp.Tests.Negative.registerPageError(Negative.java:21)
at eCommerceApp.Tests.Negative.registerPageError(Negative.java:21)
at eCommerceApp.Tests.Negative.registerPageError(Negative.java:21)
at eCommerceApp.Tests.Negative.registerPageError(Negative.java:21)
at eCommerceApp.Tests.Negative.registerPageError(Negative.java:21)
at eCommerceApp.Tests.Negative.registerPageError(Negative.java:21)
at eCommerceApp.Tests.Negative.registerPageError(Negative.java:21)
at eCommerceApp.Tests.Negative.registerPageError(Negative.java:21)
at eCommerceApp.Tests.Negative.registerPageError(Negative.java:21)
at eCommerceApp.Tests.Negative.registerPageError(Negative.java:21)
at eCommerceApp.Tests.Negative.registerPageError(Negative.java:21)
at eCommerceApp.Tests.Negative.registerPageError(Negative.java:21)
at eCommerceApp.Tests.Negative.registerPageError(Negative.java:21)
at eCommerceApp.Tests.Negative.registerPageError(Negative.java:21)
at eCommerceApp.Tests.Negative.registerPageError(Negative.java:21)
at eCommerceApp.Tests.Negative.registerPageError(Negative.java:21)
at eCommerceApp.Tests.Negative.registerPageError(Negative.java:21)
at eCommerceApp.Tests.Negative.registerPageError(Negative.java:21)
at eCommerceApp.Tests.Negative.registerPageError(Negative.java:21)
at eCommerceApp.Tests.Negative.registerPageError(Negative.java:21)
at eCommerceApp.Tests.Negative.registerPageError(Negative.java:21)
at eCommerceApp.Tests.Negative.registerPageError(Negative.java:21)
at eCommerceApp.Tests.Negative.registerPageError(Negative.java:21)
at eCommerceApp.Tests.Negative.registerPageError(Negative.java:21)
at eCommerceApp.Tests.Negative.registerPageError(Negative.java:21)
at eCommerceApp.Tests.Negative.registerPageError(Negative.java:21)
at eCommerceApp.Tests.Negative.registerPageError(Negative.java:21)
at eCommerceApp.Tests.Negative.registerPageError(Negative.java:21)
at eCommerceApp.Tests.Negative.registerPageError(Negative.java:21)
at eCommerceApp.Tests.Negative.registerPageError(Negative.java:21)
at eCommerceApp.Tests.Negative.registerPageError(Negative.java:21)
at eCommerceApp.Tests.Negative.registerPageError(Negative.java:21)
at eCommerceApp.Tests.Negative.registerPageError(Negative.java:21)
at eCommerceApp.Tests.Negative.registerPageError(Negative.java:21)
at eCommerceApp.Tests.Negative.registerPageError(Negative.java:21)
at eCommerceApp.Tests.Negative.registerPageError(Negative.java:21)
at eCommerceApp.Tests.Negative.registerPageError(Negative.java:21)
at eCommerceApp.Tests.Negative.registerPageError(Negative.java:21)
at eCommerceApp.Tests.Negative.registerPageError(Negative.java:21)
at eCommerceApp.Tests.Negative.registerPageError(Negative.java:21)
at eCommerceApp.Tests.Negative.registerPageError(Negative.java:21)
at eCommerceApp.Tests.Negative.registerPageError(Negative.java:21)
at eCommerceApp.Tests.Negative.registerPageError(Negative.java:21)
at eCommerceApp.Tests.Negative.registerPageError(Negative.java:21)
at eCommerceApp.Tests.Negative.registerPageError(Negative.java:21)
at eCommerceApp.Tests.Negative.registerPageError(Negative.java:21)
at eCommerceApp.Tests.Negative.registerPageError(Negative.java:21)
at eCommerceApp.Tests.Negative.registerPageError(Negative.java:21)
at eCommerceApp.Tests.Negative.registerPageError(Negative.java:21)
at eCommerceApp.Tests.Negative.registerPageError(Negative.java:21)
at eCommerceApp.Tests.Negative.registerPageError(Negative.java:21)
at eCommerceApp.Tests.Negative.registerPageError(Negative.java:21)
at eCommerceApp.Tests.Negative.registerPageError(Negative.java:21)
at eCommerceApp.Tests.Negative.registerPageError(Negative.java:21)
at eCommerceApp.Tests.Negative.registerPageError(Negative.java:21)
at eCommerceApp.Tests.Negative.registerPageError(Negative.java:21)
at eCommerceApp.Tests.Negative.registerPageError(Negative.java:21)
at eCommerceApp.Tests.Negative.registerPageError(Negative.java:21)
at eCommerceApp.Tests.Negative.registerPageError(Negative.java:21)
at eCommerceApp.Tests.Negative.registerPageError(Negative.java:21)
at eCommerceApp.Tests.Negative.registerPageError(Negative.java:21)
at eCommerceApp.Tests.Negative.registerPageError(Negative.java:21)
at eCommerceApp.Tests.Negative.registerPageError(Negative.java:21)
at eCommerceApp.Tests.Negative.registerPageError(Negative.java:21)
at eCommerceApp.Tests.Negative.registerPageError(Negative.java:21)
at eCommerceApp.Tests.Negative.registerPageError(Negative.java:21)
at eCommerceApp.Tests.Negative.registerPageError(Negative.java:21)
at eCommerceApp.Tests.Negative.registerPageError(Negative.java:21)
at eCommerceApp.Tests.Negative.registerPageError(Negative.java:21)
at eCommerceApp.Tests.Negative.registerPageError(Negative.java:21)
at eCommerceApp.Tests.Negative.registerPageError(Negative.java:21)
at eCommerceApp.Tests.Negative.registerPageError(Negative.java:21)
at eCommerceApp.Tests.Negative.registerPageError(Negative.java:21)
at eCommerceApp.Tests.Negative.registerPageError(Negative.java:21)
at eCommerceApp.Tests.Negative.registerPageError(Negative.java:21)
at eCommerceApp.Tests.Negative.registerPageError(Negative.java:21)
at eCommerceApp.Tests.Negative.registerPageError(Negative.java:21)
at eCommerceApp.Tests.Negative.registerPageError(Negative.java:21)
at eCommerceApp.Tests.Negative.registerPageError(Negative.java:21)
at eCommerceApp.Tests.Negative.registerPageError(Negative.java:21)
at eCommerceApp.Tests.Negative.registerPageError(Negative.java:21)
at eCommerceApp.Tests.Negative.registerPageError(Negative.java:21)
at eCommerceApp.Tests.Negative.registerPageError(Negative.java:21)
at eCommerceApp.Tests.Negative.registerPageError(Negative.java:21)
at eCommerceApp.Tests.Negative.registerPageError(Negative.java:21)
at eCommerceApp.Tests.Negative.registerPageError(Negative.java:21)
at eCommerceApp.Tests.Negative.registerPageError(Negative.java:21)
at eCommerceApp.Tests.Negative.registerPageError(Negative.java:21)
at eCommerceApp.Tests.Negative.registerPageError(Negative.java:21)
at eCommerceApp.Tests.Negative.registerPageError(Negative.java:21)
at eCommerceApp.Tests.Negative.registerPageError(Negative.java:21)
at eCommerceApp.Tests.Negative.registerPageError(Negative.java:21)
at eCommerceApp.Tests.Negative.registerPageError(Negative.java:21)
at eCommerceApp.Tests.Negative.registerPageError(Negative.java:21)
at eCommerceApp.Tests.Negative.registerPageError(Negative.java:21)
at eCommerceApp.Tests.Negative.registerPageError(Negative.java:21)
at eCommerceApp.Tests.Negative.registerPageError(Negative.java:21)
at eCommerceApp.Tests.Negative.registerPageError(Negative.java:21)
at eCommerceApp.Tests.Negative.registerPageError(Negative.java:21)
at eCommerceApp.Tests.Negative.registerPageError(Negative.java:21)
at eCommerceApp.Tests.Negative.registerPageError(Negative.java:21)
at eCommerceApp.Tests.Negative.registerPageError(Negative.java:21)
at eCommerceApp.Tests.Negative.registerPageError(Negative.java:21)
at eCommerceApp.Tests.Negative.registerPageError(Negative.java:21)
at eCommerceApp.Tests.Negative.registerPageError(Negative.java:21)
at eCommerceApp.Tests.Negative.registerPageError(Negative.java:21)
at eCommerceApp.Tests.Negative.registerPageError(Negative.java:21)
at eCommerceApp.Tests.Negative.registerPageError(Negative.java:21)
at eCommerceApp.Tests.Negative.registerPageError(Negative.java:21)
at eCommerceApp.Tests.Negative.registerPageError(Negative.java:21)
at eCommerceApp.Tests.Negative.registerPageError(Negative.java:21)
at eCommerceApp.Tests.Negative.registerPageError(Negative.java:21)
at eCommerceApp.Tests.Negative.registerPageError(Negative.java:21)
at eCommerceApp.Tests.Negative.registerPageError(Negative.java:21)
at eCommerceApp.Tests.Negative.registerPageError(Negative.java:21)
at eCommerceApp.Tests.Negative.registerPageError(Negative.java:21)
at eCommerceApp.Tests.Negative.registerPageError(Negative.java:21)
at eCommerceApp.Tests.Negative.registerPageError(Negative.java:21)
at eCommerceApp.Tests.Negative.registerPageError(Negative.java:21)
at eCommerceApp.Tests.Negative.registerPageError(Negative.java:21)
at eCommerceApp.Tests.Negative.registerPageError(Negative.java:21)
at eCommerceApp.Tests.Negative.registerPageError(Negative.java:21)
at eCommerceApp.Tests.Negative.registerPageError(Negative.java:21)
at eCommerceApp.Tests.Negative.registerPageError(Negative.java:21)
at eCommerceApp.Tests.Negative.registerPageError(Negative.java:21)
at eCommerceApp.Tests.Negative.registerPageError(Negative.java:21)
at eCommerceApp.Tests.Negative.registerPageError(Negative.java:21)
at eCommerceApp.Tests.Negative.registerPageError(Negative.java:21)
at eCommerceApp.Tests.Negative.registerPageError(Negative.java:21)
at eCommerceApp.Tests.Negative.registerPageError(Negative.java:21)
at eCommerceApp.Tests.Negative.registerPageError(Negative.java:21)
at eCommerceApp.Tests.Negative.registerPageError(Negative.java:21)
at eCommerceApp.Tests.Negative.registerPageError(Negative.java:21)
at eCommerceApp.Tests.Negative.registerPageError(Negative.java:21)
at eCommerceApp.Tests.Negative.registerPageError(Negative.java:21)
at eCommerceApp.Tests.Negative.registerPageError(Negative.java:21)
at eCommerceApp.Tests.Negative.registerPageError(Negative.java:21)
at eCommerceApp.Tests.Negative.registerPageError(Negative.java:21)
at eCommerceApp.Tests.Negative.registerPageError(Negative.java:21)
at eCommerceApp.Tests.Negative.registerPageError(Negative.java:21)
at eCommerceApp.Tests.Negative.registerPageError(Negative.java:21)
at eCommerceApp.Tests.Negative.registerPageError(Negative.java:21)
at eCommerceApp.Tests.Negative.registerPageError(Negative.java:21)
at eCommerceApp.Tests.Negative.registerPageError(Negative.java:21)
at eCommerceApp.Tests.Negative.registerPageError(Negative.java:21)
at eCommerceApp.Tests.Negative.registerPageError(Negative.java:21)
at eCommerceApp.Tests.Negative.registerPageError(Negative.java:21)
at eCommerceApp.Tests.Negative.registerPageError(Negative.java:21)
at eCommerceApp.Tests.Negative.registerPageError(Negative.java:21)
at eCommerceApp.Tests.Negative.registerPageError(Negative.java:21)
at eCommerceApp.Tests.Negative.registerPageError(Negative.java:21)
at eCommerceApp.Tests.Negative.registerPageError(Negative.java:21)
at eCommerceApp.Tests.Negative.registerPageError(Negative.java:21)
at eCommerceApp.Tests.Negative.registerPageError(Negative.java:21)
at eCommerceApp.Tests.Negative.registerPageError(Negative.java:21)
at eCommerceApp.Tests.Negative.registerPageError(Negative.java:21)
at eCommerceApp.Tests.Negative.registerPageError(Negative.java:21)
at eCommerceApp.Tests.Negative.registerPageError(Negative.java:21)
at eCommerceApp.Tests.Negative.registerPageError(Negative.java:21)
at eCommerceApp.Tests.Negative.registerPageError(Negative.java:21)
at eCommerceApp.Tests.Negative.registerPageError(Negative.java:21)
at eCommerceApp.Tests.Negative.registerPageError(Negative.java:21)
at eCommerceApp.Tests.Negative.registerPageError(Negative.java:21)
at eCommerceApp.Tests.Negative.registerPageError(Negative.java:21)
at eCommerceApp.Tests.Negative.registerPageError(Negative.java:21)
at eCommerceApp.Tests.Negative.registerPageError(Negative.java:21)
at eCommerceApp.Tests.Negative.registerPageError(Negative.java:21)
at eCommerceApp.Tests.Negative.registerPageError(Negative.java:21)
at eCommerceApp.Tests.Negative.registerPageError(Negative.java:21)
at eCommerceApp.Tests.Negative.registerPageError(Negative.java:21)
at eCommerceApp.Tests.Negative.registerPageError(Negative.java:21)
at eCommerceApp.Tests.Negative.registerPageError(Negative.java:21)
at eCommerceApp.Tests.Negative.registerPageError(Negative.java:21)
at eCommerceApp.Tests.Negative.registerPageError(Negative.java:21)
at eCommerceApp.Tests.Negative.registerPageError(Negative.java:21)
at eCommerceApp.Tests.Negative.registerPageError(Negative.java:21)
at eCommerceApp.Tests.Negative.registerPageError(Negative.java:21)
at eCommerceApp.Tests.Negative.registerPageError(Negative.java:21)
at eCommerceApp.Tests.Negative.registerPageError(Negative.java:21)
at eCommerceApp.Tests.Negative.registerPageError(Negative.java:21)
at eCommerceApp.Tests.Negative.registerPageError(Negative.java:21)
at eCommerceApp.Tests.Negative.registerPageError(Negative.java:21)
at eCommerceApp.Tests.Negative.registerPageError(Negative.java:21)
at eCommerceApp.Tests.Negative.registerPageError(Negative.java:21)
at eCommerceApp.Tests.Negative.registerPageError(Negative.java:21)
at eCommerceApp.Tests.Negative.registerPageError(Negative.java:21)
at eCommerceApp.Tests.Negative.registerPageError(Negative.java:21)
at eCommerceApp.Tests.Negative.registerPageError(Negative.java:21)
at eCommerceApp.Tests.Negative.registerPageError(Negative.java:21)
at eCommerceApp.Tests.Negative.registerPageError(Negative.java:21)
at eCommerceApp.Tests.Negative.registerPageError(Negative.java:21)
at eCommerceApp.Tests.Negative.registerPageError(Negative.java:21)
at eCommerceApp.Tests.Negative.registerPageError(Negative.java:21)
at eCommerceApp.Tests.Negative.registerPageError(Negative.java:21)
at eCommerceApp.Tests.Negative.registerPageError(Negative.java:21)
at eCommerceApp.Tests.Negative.registerPageError(Negative.java:21)
at eCommerceApp.Tests.Negative.registerPageError(Negative.java:21)
at eCommerceApp.Tests.Negative.registerPageError(Negative.java:21)
at eCommerceApp.Tests.Negative.registerPageError(Negative.java:21)
at eCommerceApp.Tests.Negative.registerPageError(Negative.java:21)
at eCommerceApp.Tests.Negative.registerPageError(Negative.java:21)
at eCommerceApp.Tests.Negative.registerPageError(Negative.java:21)
at eCommerceApp.Tests.Negative.registerPageError(Negative.java:21)
at eCommerceApp.Tests.Negative.registerPageError(Negative.java:21)
at eCommerceApp.Tests.Negative.registerPageError(Negative.java:21)
at eCommerceApp.Tests.Negative.registerPageError(Negative.java:21)
at eCommerceApp.Tests.Negative.registerPageError(Negative.java:21)
at eCommerceApp.Tests.Negative.registerPageError(Negative.java:21)
at eCommerceApp.Tests.Negative.registerPageError(Negative.java:21)
at eCommerceApp.Tests.Negative.registerPageError(Negative.java:21)
at eCommerceApp.Tests.Negative.registerPageError(Negative.java:21)
at eCommerceApp.Tests.Negative.registerPageError(Negative.java:21)
at eCommerceApp.Tests.Negative.registerPageError(Negative.java:21)
at eCommerceApp.Tests.Negative.registerPageError(Negative.java:21)
at eCommerceApp.Tests.Negative.registerPageError(Negative.java:21)
at eCommerceApp.Tests.Negative.registerPageError(Negative.java:21)
at eCommerceApp.Tests.Negative.registerPageError(Negative.java:21)
at eCommerceApp.Tests.Negative.registerPageError(Negative.java:21)
at eCommerceApp.Tests.Negative.registerPageError(Negative.java:21)
at eCommerceApp.Tests.Negative.registerPageError(Negative.java:21)
at eCommerceApp.Tests.Negative.registerPageError(Negative.java:21)
at eCommerceApp.Tests.Negative.registerPageError(Negative.java:21)
at eCommerceApp.Tests.Negative.registerPageError(Negative.java:21)
at eCommerceApp.Tests.Negative.registerPageError(Negative.java:21)
at eCommerceApp.Tests.Negative.registerPageError(Negative.java:21)
at eCommerceApp.Tests.Negative.registerPageError(Negative.java:21)
at eCommerceApp.Tests.Negative.registerPageError(Negative.java:21)
at eCommerceApp.Tests.Negative.registerPageError(Negative.java:21)
at eCommerceApp.Tests.Negative.registerPageError(Negative.java:21)
at eCommerceApp.Tests.Negative.registerPageError(Negative.java:21)
at eCommerceApp.Tests.Negative.registerPageError(Negative.java:21)
at eCommerceApp.Tests.Negative.registerPageError(Negative.java:21)
at eCommerceApp.Tests.Negative.registerPageError(Negative.java:21)
at eCommerceApp.Tests.Negative.registerPageError(Negative.java:21)
at eCommerceApp.Tests.Negative.registerPageError(Negative.java:21)
at eCommerceApp.Tests.Negative.registerPageError(Negative.java:21)
at eCommerceApp.Tests.Negative.registerPageError(Negative.java:21)
at eCommerceApp.Tests.Negative.registerPageError(Negative.java:21)
at eCommerceApp.Tests.Negative.registerPageError(Negative.java:21)
at eCommerceApp.Tests.Negative.registerPageError(Negative.java:21)
at eCommerceApp.Tests.Negative.registerPageError(Negative.java:21)
at eCommerceApp.Tests.Negative.registerPageError(Negative.java:21)
at eCommerceApp.Tests.Negative.registerPageError(Negative.java:21)
at eCommerceApp.Tests.Negative.registerPageError(Negative.java:21)
at eCommerceApp.Tests.Negative.registerPageError(Negative.java:21)
at eCommerceApp.Tests.Negative.registerPageError(Negative.java:21)
at eCommerceApp.Tests.Negative.registerPageError(Negative.java:21)
at eCommerceApp.Tests.Negative.registerPageError(Negative.java:21)
at eCommerceApp.Tests.Negative.registerPageError(Negative.java:21)
at eCommerceApp.Tests.Negative.registerPageError(Negative.java:21)
at eCommerceApp.Tests.Negative.registerPageError(Negative.java:21)
at eCommerceApp.Tests.Negative.registerPageError(Negative.java:21)
at eCommerceApp.Tests.Negative.registerPageError(Negative.java:21)
at eCommerceApp.Tests.Negative.registerPageError(Negative.java:21)
at eCommerceApp.Tests.Negative.registerPageError(Negative.java:21)
at eCommerceApp.Tests.Negative.registerPageError(Negative.java:21)
at eCommerceApp.Tests.Negative.registerPageError(Negative.java:21)
at eCommerceApp.Tests.Negative.registerPageError(Negative.java:21)
at eCommerceApp.Tests.Negative.registerPageError(Negative.java:21)
at eCommerceApp.Tests.Negative.registerPageError(Negative.java:21)
at eCommerceApp.Tests.Negative.registerPageError(Negative.java:21)
at eCommerceApp.Tests.Negative.registerPageError(Negative.java:21)
at eCommerceApp.Tests.Negative.registerPageError(Negative.java:21)
at eCommerceApp.Tests.Negative.registerPageError(Negative.java:21)
at eCommerceApp.Tests.Negative.registerPageError(Negative.java:21)
at eCommerceApp.Tests.Negative.registerPageError(Negative.java:21)
at eCommerceApp.Tests.Negative.registerPageError(Negative.java:21)
at eCommerceApp.Tests.Negative.registerPageError(Negative.java:21)
at eCommerceApp.Tests.Negative.registerPageError(Negative.java:21)
at eCommerceApp.Tests.Negative.registerPageError(Negative.java:21)
at eCommerceApp.Tests.Negative.registerPageError(Negative.java:21)
at eCommerceApp.Tests.Negative.registerPageError(Negative.java:21)
at eCommerceApp.Tests.Negative.registerPageError(Negative.java:21)
at eCommerceApp.Tests.Negative.registerPageError(Negative.java:21)
at eCommerceApp.Tests.Negative.registerPageError(Negative.java:21)
at eCommerceApp.Tests.Negative.registerPageError(Negative.java:21)
at eCommerceApp.Tests.Negative.registerPageError(Negative.java:21)
at eCommerceApp.Tests.Negative.registerPageError(Negative.java:21)
at eCommerceApp.Tests.Negative.registerPageError(Negative.java:21)
at eCommerceApp.Tests.Negative.registerPageError(Negative.java:21)
at eCommerceApp.Tests.Negative.registerPageError(Negative.java:21)
at eCommerceApp.Tests.Negative.registerPageError(Negative.java:21)
at eCommerceApp.Tests.Negative.registerPageError(Negative.java:21)
at eCommerceApp.Tests.Negative.registerPageError(Negative.java:21)
at eCommerceApp.Tests.Negative.registerPageError(Negative.java:21)
at eCommerceApp.Tests.Negative.registerPageError(Negative.java:21)
at eCommerceApp.Tests.Negative.registerPageError(Negative.java:21)
at eCommerceApp.Tests.Negative.registerPageError(Negative.java:21)
at eCommerceApp.Tests.Negative.registerPageError(Negative.java:21)
at eCommerceApp.Tests.Negative.registerPageError(Negative.java:21)
at eCommerceApp.Tests.Negative.registerPageError(Negative.java:21)
at eCommerceApp.Tests.Negative.registerPageError(Negative.java:21)
at eCommerceApp.Tests.Negative.registerPageError(Negative.java:21)
at eCommerceApp.Tests.Negative.registerPageError(Negative.java:21)
at eCommerceApp.Tests.Negative.registerPageError(Negative.java:21)
at eCommerceApp.Tests.Negative.registerPageError(Negative.java:21)
at eCommerceApp.Tests.Negative.registerPageError(Negative.java:21)
at eCommerceApp.Tests.Negative.registerPageError(Negative.java:21)
at eCommerceApp.Tests.Negative.registerPageError(Negative.java:21)
at eCommerceApp.Tests.Negative.registerPageError(Negative.java:21)
at eCommerceApp.Tests.Negative.registerPageError(Negative.java:21)
at eCommerceApp.Tests.Negative.registerPageError(Negative.java:21)
at eCommerceApp.Tests.Negative.registerPageError(Negative.java:21)
at eCommerceApp.Tests.Negative.registerPageError(Negative.java:21)
at eCommerceApp.Tests.Negative.registerPageError(Negative.java:21)
at eCommerceApp.Tests.Negative.registerPageError(Negative.java:21)
at eCommerceApp.Tests.Negative.registerPageError(Negative.java:21)
at eCommerceApp.Tests.Negative.registerPageError(Negative.java:21)
at eCommerceApp.Tests.Negative.registerPageError(Negative.java:21)
at eCommerceApp.Tests.Negative.registerPageError(Negative.java:21)
at eCommerceApp.Tests.Negative.registerPageError(Negative.java:21)
at eCommerceApp.Tests.Negative.registerPageError(Negative.java:21)
at eCommerceApp.Tests.Negative.registerPageError(Negative.java:21)
at eCommerceApp.Tests.Negative.registerPageError(Negative.java:21)
at eCommerceApp.Tests.Negative.registerPageError(Negative.java:21)
at eCommerceApp.Tests.Negative.registerPageError(Negative.java:21)
at eCommerceApp.Tests.Negative.registerPageError(Negative.java:21)
at eCommerceApp.Tests.Negative.registerPageError(Negative.java:21)
at eCommerceApp.Tests.Negative.registerPageError(Negative.java:21)
at eCommerceApp.Tests.Negative.registerPageError(Negative.java:21)
at eCommerceApp.Tests.Negative.registerPageError(Negative.java:21)
at eCommerceApp.Tests.Negative.registerPageError(Negative.java:21)
at eCommerceApp.Tests.Negative.registerPageError(Negative.java:21)
at eCommerceApp.Tests.Negative.registerPageError(Negative.java:21)
at eCommerceApp.Tests.Negative.registerPageError(Negative.java:21)
at eCommerceApp.Tests.Negative.registerPageError(Negative.java:21)
at eCommerceApp.Tests.Negative.registerPageError(Negative.java:21)
at eCommerceApp.Tests.Negative.registerPageError(Negative.java:21)
at eCommerceApp.Tests.Negative.registerPageError(Negative.java:21)
at eCommerceApp.Tests.Negative.registerPageError(Negative.java:21)
at eCommerceApp.Tests.Negative.registerPageError(Negative.java:21)
at eCommerceApp.Tests.Negative.registerPageError(Negative.java:21)
at eCommerceApp.Tests.Negative.registerPageError(Negative.java:21)
at eCommerceApp.Tests.Negative.registerPageError(Negative.java:21)
at eCommerceApp.Tests.Negative.registerPageError(Negative.java:21)
at eCommerceApp.Tests.Negative.registerPageError(Negative.java:21)
at eCommerceApp.Tests.Negative.registerPageError(Negative.java:21)
at eCommerceApp.Tests.Negative.registerPageError(Negative.java:21)
at eCommerceApp.Tests.Negative.registerPageError(Negative.java:21)
at eCommerceApp.Tests.Negative.registerPageError(Negative.java:21)
at eCommerceApp.Tests.Negative.registerPageError(Negative.java:21)
at eCommerceApp.Tests.Negative.registerPageError(Negative.java:21)
at eCommerceApp.Tests.Negative.registerPageError(Negative.java:21)
at eCommerceApp.Tests.Negative.registerPageError(Negative.java:21)
at eCommerceApp.Tests.Negative.registerPageError(Negative.java:21)
at eCommerceApp.Tests.Negative.registerPageError(Negative.java:21)
at eCommerceApp.Tests.Negative.registerPageError(Negative.java:21)
at eCommerceApp.Tests.Negative.registerPageError(Negative.java:21)
at eCommerceApp.Tests.Negative.registerPageError(Negative.java:21)
at eCommerceApp.Tests.Negative.registerPageError(Negative.java:21)
at eCommerceApp.Tests.Negative.registerPageError(Negative.java:21)
at eCommerceApp.Tests.Negative.registerPageError(Negative.java:21)
at eCommerceApp.Tests.Negative.registerPageError(Negative.java:21)
at eCommerceApp.Tests.Negative.registerPageError(Negative.java:21)
at eCommerceApp.Tests.Negative.registerPageError(Negative.java:21)
at eCommerceApp.Tests.Negative.registerPageError(Negative.java:21)
at eCommerceApp.Tests.Negative.registerPageError(Negative.java:21)
at eCommerceApp.Tests.Negative.registerPageError(Negative.java:21)
at eCommerceApp.Tests.Negative.registerPageError(Negative.java:21)
at eCommerceApp.Tests.Negative.registerPageError(Negative.java:21)
at eCommerceApp.Tests.Negative.registerPageError(Negative.java:21)
at eCommerceApp.Tests.Negative.registerPageError(Negative.java:21)
at eCommerceApp.Tests.Negative.registerPageError(Negative.java:21)
at eCommerceApp.Tests.Negative.registerPageError(Negative.java:21)
at eCommerceApp.Tests.Negative.registerPageError(Negative.java:21)
at eCommerceApp.Tests.Negative.registerPageError(Negative.java:21)
at eCommerceApp.Tests.Negative.registerPageError(Negative.java:21)
at eCommerceApp.Tests.Negative.registerPageError(Negative.java:21)
at eCommerceApp.Tests.Negative.registerPageError(Negative.java:21)
at eCommerceApp.Tests.Negative.registerPageError(Negative.java:21)
at eCommerceApp.Tests.Negative.registerPageError(Negative.java:21)
at eCommerceApp.Tests.Negative.registerPageError(Negative.java:21)
at eCommerceApp.Tests.Negative.registerPageError(Negative.java:21)
at eCommerceApp.Tests.Negative.registerPageError(Negative.java:21)
at eCommerceApp.Tests.Negative.registerPageError(Negative.java:21)
at eCommerceApp.Tests.Negative.registerPageError(Negative.java:21)
at eCommerceApp.Tests.Negative.registerPageError(Negative.java:21)
at eCommerceApp.Tests.Negative.registerPageError(Negative.java:21)
at eCommerceApp.Tests.Negative.registerPageError(Negative.java:21)
at eCommerceApp.Tests.Negative.registerPageError(Negative.java:21)
at eCommerceApp.Tests.Negative.registerPageError(Negative.java:21)
at eCommerceApp.Tests.Negative.registerPageError(Negative.java:21)
at eCommerceApp.Tests.Negative.registerPageError(Negative.java:21)
at eCommerceApp.Tests.Negative.registerPageError(Negative.java:21)
at eCommerceApp.Tests.Negative.registerPageError(Negative.java:21)
at eCommerceApp.Tests.Negative.registerPageError(Negative.java:21)
at eCommerceApp.Tests.Negative.registerPageError(Negative.java:21)
at eCommerceApp.Tests.Negative.registerPageError(Negative.java:21)
at eCommerceApp.Tests.Negative.registerPageError(Negative.java:21)
at eCommerceApp.Tests.Negative.registerPageError(Negative.java:21)
at eCommerceApp.Tests.Negative.registerPageError(Negative.java:21)
at eCommerceApp.Tests.Negative.registerPageError(Negative.java:21)
at eCommerceApp.Tests.Negative.registerPageError(Negative.java:21)
at eCommerceApp.Tests.Negative.registerPageError(Negative.java:21)
at eCommerceApp.Tests.Negative.registerPageError(Negative.java:21)
at eCommerceApp.Tests.Negative.registerPageError(Negative.java:21)
at eCommerceApp.Tests.Negative.registerPageError(Negative.java:21)
at eCommerceApp.Tests.Negative.registerPageError(Negative.java:21)
at eCommerceApp.Tests.Negative.registerPageError(Negative.java:21)
at eCommerceApp.Tests.Negative.registerPageError(Negative.java:21)
at eCommerceApp.Tests.Negative.registerPageError(Negative.java:21)
at eCommerceApp.Tests.Negative.registerPageError(Negative.java:21)
at eCommerceApp.Tests.Negative.registerPageError(Negative.java:21)
at eCommerceApp.Tests.Negative.registerPageError(Negative.java:21)
at eCommerceApp.Tests.Negative.registerPageError(Negative.java:21)
at eCommerceApp.Tests.Negative.registerPageError(Negative.java:21)
at eCommerceApp.Tests.Negative.registerPageError(Negative.java:21)
at eCommerceApp.Tests.Negative.registerPageError(Negative.java:21)
at eCommerceApp.Tests.Negative.registerPageError(Negative.java:21)
at eCommerceApp.Tests.Negative.registerPageError(Negative.java:21)
at eCommerceApp.Tests.Negative.registerPageError(Negative.java:21)
at eCommerceApp.Tests.Negative.registerPageError(Negative.java:21)
at eCommerceApp.Tests.Negative.registerPageError(Negative.java:21)
at eCommerceApp.Tests.Negative.registerPageError(Negative.java:21)
at eCommerceApp.Tests.Negative.registerPageError(Negative.java:21)
at eCommerceApp.Tests.Negative.registerPageError(Negative.java:21)
at eCommerceApp.Tests.Negative.registerPageError(Negative.java:21)
at eCommerceApp.Tests.Negative.registerPageError(Negative.java:21)
at eCommerceApp.Tests.Negative.registerPageError(Negative.java:21)
at eCommerceApp.Tests.Negative.registerPageError(Negative.java:21)
at eCommerceApp.Tests.Negative.registerPageError(Negative.java:21)
at eCommerceApp.Tests.Negative.registerPageError(Negative.java:21)
at eCommerceApp.Tests.Negative.registerPageError(Negative.java:21)
at eCommerceApp.Tests.Negative.registerPageError(Negative.java:21)
at eCommerceApp.Tests.Negative.registerPageError(Negative.java:21)
at eCommerceApp.Tests.Negative.registerPageError(Negative.java:21)
at eCommerceApp.Tests.Negative.registerPageError(Negative.java:21)
at eCommerceApp.Tests.Negative.registerPageError(Negative.java:21)
at eCommerceApp.Tests.Negative.registerPageError(Negative.java:21)
at eCommerceApp.Tests.Negative.registerPageError(Negative.java:21)
at eCommerceApp.Tests.Negative.registerPageError(Negative.java:21)
at eCommerceApp.Tests.Negative.registerPageError(Negative.java:21)
at eCommerceApp.Tests.Negative.registerPageError(Negative.java:21)
at eCommerceApp.Tests.Negative.registerPageError(Negative.java:21)
at eCommerceApp.Tests.Negative.registerPageError(Negative.java:21)
at eCommerceApp.Tests.Negative.registerPageError(Negative.java:21)
at eCommerceApp.Tests.Negative.registerPageError(Negative.java:21)
at eCommerceApp.Tests.Negative.registerPageError(Negative.java:21)
at eCommerceApp.Tests.Negative.registerPageError(Negative.java:21)
at eCommerceApp.Tests.Negative.registerPageError(Negative.java:21)
at eCommerceApp.Tests.Negative.registerPageError(Negative.java:21)
at eCommerceApp.Tests.Negative.registerPageError(Negative.java:21)
at eCommerceApp.Tests.Negative.registerPageError(Negative.java:21)
at eCommerceApp.Tests.Negative.registerPageError(Negative.java:21)
at eCommerceApp.Tests.Negative.registerPageError(Negative.java:21)
at eCommerceApp.Tests.Negative.registerPageError(Negative.java:21)
at eCommerceApp.Tests.Negative.registerPageError(Negative.java:21)
at eCommerceApp.Tests.Negative.registerPageError(Negative.java:21)
]]>
    </failure>
  </testcase> <!-- registerPageError -->
</testsuite> <!-- Default test -->
