<?xml version="1.0" encoding="UTF-8"?>
<testng-results ignored="0" total="0" passed="0" failed="0" skipped="0">
  <reporter-output>
  </reporter-output>
  <suite started-at="2024-09-17T03:17:34 IST" name="ECommerce" finished-at="2024-09-17T03:17:34 IST" duration-ms="0">
    <groups>
      <group name="bulkOrderUsingExcel">
        <method signature="BulkOrderUsingExcel.E2E_BulkOrder(java.util.HashMap)[pri:0, instance:eCommerceApp.Tests.BulkOrderUsingExcel@7857fe2]" name="E2E_BulkOrder" class="eCommerceApp.Tests.BulkOrderUsingExcel"/>
      </group> <!-- bulkOrderUsingExcel -->
    </groups>
  </suite> <!-- ECommerce -->
</testng-results>
