<?xml version="1.0" encoding="UTF-8"?>
<!-- Generated by org.testng.reporters.JUnitXMLReporter -->
<testsuite ignored="0" hostname="Karthik" failures="0" tests="4" name="BulkOrder" time="95.858" errors="0" timestamp="2024-09-09T02:31:23 IST">
  <testcase classname="eCommerceApp.Tests.BulkOrder" name="E2E_BulkOrder" time="19.102"/>
  <testcase classname="eCommerceApp.Tests.BulkOrder" name="E2E_BulkOrder" time="18.828"/>
  <testcase classname="eCommerceApp.Tests.BulkOrder" name="E2E_BulkOrder" time="19.732"/>
  <testcase classname="eCommerceApp.Tests.BulkOrder" name="E2E_BulkOrder" time="20.275"/>
</testsuite> <!-- BulkOrder -->
