<?xml version="1.0" encoding="UTF-8"?>
<!-- Generated by org.testng.reporters.JUnitXMLReporter -->
<testsuite ignored="0" hostname="Karthik" failures="0" tests="3" name="Negative" time="13.618" errors="0" timestamp="2024-09-08T02:57:43 IST">
  <testcase classname="eCommerceApp.Tests.Negative" name="forgotPwdPageError" time="0.724"/>
  <testcase classname="eCommerceApp.Tests.Negative" name="loginErrorValidation" time="1.62"/>
  <testcase classname="eCommerceApp.Tests.Negative" name="registerPageError" time="0.518"/>
</testsuite> <!-- Negative -->
