<?xml version="1.0" encoding="UTF-8"?>
<testng-results ignored="0" total="1" passed="1" failed="0" skipped="0">
  <reporter-output>
  </reporter-output>
  <suite started-at="2024-09-07T02:02:12 IST" name="ECommerce" finished-at="2024-09-07T02:02:33 IST" duration-ms="20429">
    <groups>
    </groups>
    <test started-at="2024-09-07T02:02:12 IST" name="E2E" finished-at="2024-09-07T02:02:33 IST" duration-ms="20429">
      <class name="eCommerceApp.Tests.StandAloneTest">
        <test-method is-config="true" signature="initializeDriver()[pri:0, instance:eCommerceApp.Tests.StandAloneTest@7d0b7e3c]" started-at="2024-09-07T02:02:09 IST" name="initializeDriver" finished-at="2024-09-07T02:02:12 IST" duration-ms="2978" status="PASS">
          <reporter-output>
          </reporter-output>
        </test-method> <!-- initializeDriver -->
        <test-method signature="E2E(java.lang.String,java.lang.String,java.lang.String,java.lang.String,java.lang.String)[pri:0, instance:eCommerceApp.Tests.StandAloneTest@7d0b7e3c]" started-at="2024-09-07T02:02:12 IST" name="E2E" finished-at="2024-09-07T02:02:33 IST" duration-ms="20398" status="PASS">
          <params>
            <param index="0">
              <value>
                <![CDATA[https://rahulshettyacademy.com/client]]>
              </value>
            </param>
            <param index="1">
              <value>
                <![CDATA[henrycavillpookie@gmail.com]]>
              </value>
            </param>
            <param index="2">
              <value>
                <![CDATA[RahulShetty@1295]]>
              </value>
            </param>
            <param index="3">
              <value>
                <![CDATA[ZARA COAT 3;IPHONE 13 PRO]]>
              </value>
            </param>
            <param index="4">
              <value>
                <![CDATA[India]]>
              </value>
            </param>
          </params>
          <reporter-output>
          </reporter-output>
        </test-method> <!-- E2E -->
        <test-method is-config="true" signature="closeDriver()[pri:0, instance:eCommerceApp.Tests.StandAloneTest@7d0b7e3c]" started-at="2024-09-07T02:02:33 IST" name="closeDriver" finished-at="2024-09-07T02:02:33 IST" duration-ms="258" status="PASS">
          <reporter-output>
          </reporter-output>
        </test-method> <!-- closeDriver -->
      </class> <!-- eCommerceApp.Tests.StandAloneTest -->
    </test> <!-- E2E -->
  </suite> <!-- ECommerce -->
</testng-results>
