<?xml version="1.0" encoding="UTF-8"?>
<testng-results ignored="0" total="2" passed="2" failed="0" skipped="0">
  <reporter-output>
  </reporter-output>
  <suite started-at="2024-09-19T01:59:15 IST" name="ECommerce" finished-at="2024-09-19T02:00:11 IST" duration-ms="56075">
    <groups>
    </groups>
    <test started-at="2024-09-19T01:59:15 IST" name="Positive" finished-at="2024-09-19T02:00:11 IST" duration-ms="56075">
      <class name="eCommerceApp.Tests.PurchaseOrder">
        <test-method is-config="true" signature="initializeProperties()[pri:0, instance:eCommerceApp.Tests.PurchaseOrder@16414e40]" started-at="2024-09-19T01:59:15 IST" name="initializeProperties" finished-at="2024-09-19T01:59:15 IST" duration-ms="24" status="PASS">
          <reporter-output>
          </reporter-output>
        </test-method> <!-- initializeProperties -->
        <test-method is-config="true" signature="launchApp()[pri:0, instance:eCommerceApp.Tests.PurchaseOrder@16414e40]" started-at="2024-09-19T01:59:15 IST" name="launchApp" finished-at="2024-09-19T01:59:22 IST" duration-ms="7063" status="PASS">
          <reporter-output>
          </reporter-output>
        </test-method> <!-- launchApp -->
        <test-method signature="purchaseOrder(java.lang.String,java.lang.String,java.lang.String,java.lang.String)[pri:0, instance:eCommerceApp.Tests.PurchaseOrder@16414e40]" started-at="2024-09-19T01:59:22 IST" name="purchaseOrder" description="E2E flow for placing an order" finished-at="2024-09-19T02:00:04 IST" duration-ms="42285" status="PASS">
          <params>
            <param index="0">
              <value>
                <![CDATA[henrycavillpookie@gmail.com]]>
              </value>
            </param>
            <param index="1">
              <value>
                <![CDATA[RahulShetty@1295]]>
              </value>
            </param>
            <param index="2">
              <value>
                <![CDATA[ZARA COAT 3;IPHONE 13 PRO]]>
              </value>
            </param>
            <param index="3">
              <value>
                <![CDATA[India]]>
              </value>
            </param>
          </params>
          <reporter-output>
          </reporter-output>
        </test-method> <!-- purchaseOrder -->
        <test-method is-config="true" signature="closeBrowser()[pri:0, instance:eCommerceApp.Tests.PurchaseOrder@16414e40]" started-at="2024-09-19T02:00:05 IST" name="closeBrowser" finished-at="2024-09-19T02:00:05 IST" duration-ms="253" status="PASS">
          <reporter-output>
          </reporter-output>
        </test-method> <!-- closeBrowser -->
        <test-method is-config="true" signature="launchApp()[pri:0, instance:eCommerceApp.Tests.PurchaseOrder@16414e40]" started-at="2024-09-19T02:00:05 IST" name="launchApp" finished-at="2024-09-19T02:00:09 IST" duration-ms="3876" status="PASS">
          <reporter-output>
          </reporter-output>
        </test-method> <!-- launchApp -->
        <test-method signature="verifyOrders(java.lang.String,java.lang.String,java.lang.String)[pri:0, instance:eCommerceApp.Tests.PurchaseOrder@16414e40]" started-at="2024-09-19T02:00:09 IST" name="verifyOrders" description="Verification of the placed order" finished-at="2024-09-19T02:00:11 IST" depends-on-methods="eCommerceApp.Tests.PurchaseOrder.purchaseOrder" duration-ms="1671" status="PASS">
          <params>
            <param index="0">
              <value>
                <![CDATA[henrycavillpookie@gmail.com]]>
              </value>
            </param>
            <param index="1">
              <value>
                <![CDATA[RahulShetty@1295]]>
              </value>
            </param>
            <param index="2">
              <value>
                <![CDATA[ZARA COAT 3;IPHONE 13 PRO]]>
              </value>
            </param>
          </params>
          <reporter-output>
          </reporter-output>
        </test-method> <!-- verifyOrders -->
        <test-method is-config="true" signature="closeBrowser()[pri:0, instance:eCommerceApp.Tests.PurchaseOrder@16414e40]" started-at="2024-09-19T02:00:11 IST" name="closeBrowser" finished-at="2024-09-19T02:00:11 IST" duration-ms="162" status="PASS">
          <reporter-output>
          </reporter-output>
        </test-method> <!-- closeBrowser -->
      </class> <!-- eCommerceApp.Tests.PurchaseOrder -->
    </test> <!-- Positive -->
  </suite> <!-- ECommerce -->
</testng-results>
