<?xml version="1.0" encoding="UTF-8"?>
<testng-results retried="1" ignored="1" total="6" passed="4" failed="0" skipped="0">
  <reporter-output>
  </reporter-output>
  <suite started-at="2024-09-17T03:22:46 IST" name="ECommerce" finished-at="2024-09-17T03:24:34 IST" duration-ms="107980">
    <groups>
      <group name="bulkOrderUsingExcel">
        <method signature="BulkOrderUsingExcel.E2E_BulkOrder(java.util.HashMap)[pri:0, instance:eCommerceApp.Tests.BulkOrderUsingExcel@3e7dd664]" name="E2E_BulkOrder" class="eCommerceApp.Tests.BulkOrderUsingExcel"/>
      </group> <!-- bulkOrderUsingExcel -->
    </groups>
    <test started-at="2024-09-17T03:22:46 IST" name="bulkOrderUsingExcel" finished-at="2024-09-17T03:24:34 IST" duration-ms="107980">
      <class name="eCommerceApp.Tests.BulkOrderUsingExcel">
        <test-method is-config="true" signature="initializeProperties()[pri:0, instance:eCommerceApp.Tests.BulkOrderUsingExcel@3e7dd664]" started-at="2024-09-17T03:22:46 IST" name="initializeProperties" finished-at="2024-09-17T03:22:46 IST" duration-ms="13" status="PASS">
          <reporter-output>
          </reporter-output>
        </test-method> <!-- initializeProperties -->
        <test-method is-config="true" signature="launchApp()[pri:0, instance:eCommerceApp.Tests.BulkOrderUsingExcel@3e7dd664]" started-at="2024-09-17T03:22:47 IST" name="launchApp" finished-at="2024-09-17T03:22:49 IST" duration-ms="2530" status="PASS">
          <reporter-output>
          </reporter-output>
        </test-method> <!-- launchApp -->
        <test-method signature="E2E_BulkOrder(java.util.HashMap)[pri:0, instance:eCommerceApp.Tests.BulkOrderUsingExcel@3e7dd664]" started-at="2024-09-17T03:22:49 IST" name="E2E_BulkOrder" description="Complete E2E bulk orders flow and verification of the same" data-provider="getDataFromExcel" finished-at="2024-09-17T03:23:09 IST" duration-ms="19018" status="PASS">
          <params>
            <param index="0">
              <value>
                <![CDATA[{country=India, password=RahulShetty@1295, emailID=henrycavillpookie@gmail.com, tcno=1.0, products=ZARA COAT 3;IPHONE 13 PRO}]]>
              </value>
            </param>
          </params>
          <reporter-output>
          </reporter-output>
        </test-method> <!-- E2E_BulkOrder -->
        <test-method is-config="true" signature="closeBrowser()[pri:0, instance:eCommerceApp.Tests.BulkOrderUsingExcel@3e7dd664]" started-at="2024-09-17T03:23:09 IST" name="closeBrowser" finished-at="2024-09-17T03:23:09 IST" duration-ms="173" status="PASS">
          <reporter-output>
          </reporter-output>
        </test-method> <!-- closeBrowser -->
        <test-method is-config="true" signature="launchApp()[pri:0, instance:eCommerceApp.Tests.BulkOrderUsingExcel@3e7dd664]" started-at="2024-09-17T03:23:09 IST" name="launchApp" finished-at="2024-09-17T03:23:11 IST" duration-ms="2160" status="PASS">
          <reporter-output>
          </reporter-output>
        </test-method> <!-- launchApp -->
        <test-method signature="E2E_BulkOrder(java.util.HashMap)[pri:0, instance:eCommerceApp.Tests.BulkOrderUsingExcel@3e7dd664]" started-at="2024-09-17T03:23:11 IST" name="E2E_BulkOrder" description="Complete E2E bulk orders flow and verification of the same" data-provider="getDataFromExcel" finished-at="2024-09-17T03:23:30 IST" duration-ms="18860" status="PASS">
          <params>
            <param index="0">
              <value>
                <![CDATA[{country=Ireland, password=RahulShetty@1235, emailID=hughjackmanpookie@gmail.com, tcno=2.0, products=ADIDAS ORIGINAL;ZARA COAT 3}]]>
              </value>
            </param>
          </params>
          <reporter-output>
          </reporter-output>
        </test-method> <!-- E2E_BulkOrder -->
        <test-method is-config="true" signature="closeBrowser()[pri:0, instance:eCommerceApp.Tests.BulkOrderUsingExcel@3e7dd664]" started-at="2024-09-17T03:23:30 IST" name="closeBrowser" finished-at="2024-09-17T03:23:31 IST" duration-ms="159" status="PASS">
          <reporter-output>
          </reporter-output>
        </test-method> <!-- closeBrowser -->
        <test-method is-config="true" signature="launchApp()[pri:0, instance:eCommerceApp.Tests.BulkOrderUsingExcel@3e7dd664]" started-at="2024-09-17T03:23:31 IST" name="launchApp" finished-at="2024-09-17T03:23:33 IST" duration-ms="2957" status="PASS">
          <reporter-output>
          </reporter-output>
        </test-method> <!-- launchApp -->
        <test-method signature="E2E_BulkOrder(java.util.HashMap)[pri:0, instance:eCommerceApp.Tests.BulkOrderUsingExcel@3e7dd664]" started-at="2024-09-17T03:23:33 IST" name="E2E_BulkOrder" description="Complete E2E bulk orders flow and verification of the same" data-provider="getDataFromExcel" finished-at="2024-09-17T03:23:53 IST" duration-ms="19043" status="PASS">
          <params>
            <param index="0">
              <value>
                <![CDATA[{country=India, password=RahulShetty@1295, emailID=henrycavillpookie@gmail.com, tcno=3.0, products=ADIDAS ORIGINAL;ZARA COAT 3}]]>
              </value>
            </param>
          </params>
          <reporter-output>
          </reporter-output>
        </test-method> <!-- E2E_BulkOrder -->
        <test-method is-config="true" signature="closeBrowser()[pri:0, instance:eCommerceApp.Tests.BulkOrderUsingExcel@3e7dd664]" started-at="2024-09-17T03:23:53 IST" name="closeBrowser" finished-at="2024-09-17T03:23:53 IST" duration-ms="211" status="PASS">
          <reporter-output>
          </reporter-output>
        </test-method> <!-- closeBrowser -->
        <test-method is-config="true" signature="launchApp()[pri:0, instance:eCommerceApp.Tests.BulkOrderUsingExcel@3e7dd664]" started-at="2024-09-17T03:23:53 IST" name="launchApp" finished-at="2024-09-17T03:23:55 IST" duration-ms="1992" status="PASS">
          <reporter-output>
          </reporter-output>
        </test-method> <!-- launchApp -->
        <test-method retried="true" signature="E2E_BulkOrder(java.util.HashMap)[pri:0, instance:eCommerceApp.Tests.BulkOrderUsingExcel@3e7dd664]" started-at="2024-09-17T03:23:55 IST" name="E2E_BulkOrder" description="Complete E2E bulk orders flow and verification of the same" data-provider="getDataFromExcel" finished-at="2024-09-17T03:24:17 IST" duration-ms="21802" status="SKIP">
          <params>
            <param index="0">
              <value>
                <![CDATA[{country=Ireland, password=RahulShetty@1235, emailID=hughjackmanpookie@gmail.com, tcno=4.0, products=ZARA COAT 3;IPHONE 13 PRO}]]>
              </value>
            </param>
          </params>
          <exception class="org.openqa.selenium.TimeoutException">
            <message>
              <![CDATA[Expected condition failed: waiting for visibility of element located by By.cssSelector: .ng-animating (tried for 10 second(s) with 500 milliseconds interval)
Build info: version: '4.23.0', revision: '4df0a231af'
System info: os.name: 'Windows 11', os.arch: 'amd64', os.version: '10.0', java.version: '17.0.7'
Driver info: org.openqa.selenium.chrome.ChromeDriver
Capabilities {acceptInsecureCerts: false, browserName: chrome, browserVersion: 128.0.6613.138, chrome: {chromedriverVersion: 128.0.6613.137 (fe621c5aa2d..., userDataDir: C:\Users\karth\AppData\Loca...}, fedcm:accounts: true, goog:chromeOptions: {debuggerAddress: localhost:57145}, networkConnectionEnabled: false, pageLoadStrategy: normal, platformName: windows, proxy: Proxy(), se:cdp: ws://localhost:57145/devtoo..., se:cdpVersion: 128.0.6613.138, setWindowRect: true, strictFileInteractability: false, timeouts: {implicit: 0, pageLoad: 300000, script: 30000}, unhandledPromptBehavior: dismiss and notify, webauthn:extension:credBlob: true, webauthn:extension:largeBlob: true, webauthn:extension:minPinLength: true, webauthn:extension:prf: true, webauthn:virtualAuthenticators: true}
Session ID: d55a522a5e4a142c3654c74fc682c577]]>
            </message>
            <full-stacktrace>
              <![CDATA[org.openqa.selenium.TimeoutException: Expected condition failed: waiting for visibility of element located by By.cssSelector: .ng-animating (tried for 10 second(s) with 500 milliseconds interval)
Build info: version: '4.23.0', revision: '4df0a231af'
System info: os.name: 'Windows 11', os.arch: 'amd64', os.version: '10.0', java.version: '17.0.7'
Driver info: org.openqa.selenium.chrome.ChromeDriver
Capabilities {acceptInsecureCerts: false, browserName: chrome, browserVersion: 128.0.6613.138, chrome: {chromedriverVersion: 128.0.6613.137 (fe621c5aa2d..., userDataDir: C:\Users\karth\AppData\Loca...}, fedcm:accounts: true, goog:chromeOptions: {debuggerAddress: localhost:57145}, networkConnectionEnabled: false, pageLoadStrategy: normal, platformName: windows, proxy: Proxy(), se:cdp: ws://localhost:57145/devtoo..., se:cdpVersion: 128.0.6613.138, setWindowRect: true, strictFileInteractability: false, timeouts: {implicit: 0, pageLoad: 300000, script: 30000}, unhandledPromptBehavior: dismiss and notify, webauthn:extension:credBlob: true, webauthn:extension:largeBlob: true, webauthn:extension:minPinLength: true, webauthn:extension:prf: true, webauthn:virtualAuthenticators: true}
Session ID: d55a522a5e4a142c3654c74fc682c577
at org.openqa.selenium.support.ui.WebDriverWait.timeoutException(WebDriverWait.java:84)
at org.openqa.selenium.support.ui.FluentWait.until(FluentWait.java:228)
at eCommerce.AbstractComponents.UtilityFunctions.waitForVisibilityOfElement(UtilityFunctions.java:41)
at eCommerce.POM.Products.addProductsToCart(Products.java:40)
at eCommerceApp.Tests.BulkOrderUsingExcel.E2E_BulkOrder(BulkOrderUsingExcel.java:33)
at java.base/jdk.internal.reflect.NativeMethodAccessorImpl.invoke0(Native Method)
at java.base/jdk.internal.reflect.NativeMethodAccessorImpl.invoke(NativeMethodAccessorImpl.java:77)
at java.base/jdk.internal.reflect.DelegatingMethodAccessorImpl.invoke(DelegatingMethodAccessorImpl.java:43)
at java.base/java.lang.reflect.Method.invoke(Method.java:568)
at org.testng.internal.invokers.MethodInvocationHelper.invokeMethod(MethodInvocationHelper.java:141)
at org.testng.internal.invokers.TestInvoker.invokeMethod(TestInvoker.java:686)
at org.testng.internal.invokers.TestInvoker.invokeTestMethod(TestInvoker.java:230)
at org.testng.internal.invokers.MethodRunner.runInSequence(MethodRunner.java:63)
at org.testng.internal.invokers.TestInvoker$MethodInvocationAgent.invoke(TestInvoker.java:992)
at org.testng.internal.invokers.TestInvoker.invokeTestMethods(TestInvoker.java:203)
at org.testng.internal.invokers.TestMethodWorker.invokeTestMethods(TestMethodWorker.java:154)
at org.testng.internal.invokers.TestMethodWorker.run(TestMethodWorker.java:134)
at java.base/java.util.ArrayList.forEach(ArrayList.java:1511)
at org.testng.TestRunner.privateRun(TestRunner.java:739)
at org.testng.TestRunner.run(TestRunner.java:614)
at org.testng.SuiteRunner.runTest(SuiteRunner.java:421)
at org.testng.SuiteRunner$SuiteWorker.run(SuiteRunner.java:463)
at org.testng.internal.thread.ThreadUtil.lambda$execute$0(ThreadUtil.java:64)
at java.base/java.util.concurrent.FutureTask.run(FutureTask.java:264)
at java.base/java.util.concurrent.ThreadPoolExecutor.runWorker(ThreadPoolExecutor.java:1136)
at java.base/java.util.concurrent.ThreadPoolExecutor$Worker.run(ThreadPoolExecutor.java:635)
at java.base/java.lang.Thread.run(Thread.java:833)
]]>
            </full-stacktrace>
          </exception> <!-- org.openqa.selenium.TimeoutException -->
          <reporter-output>
          </reporter-output>
        </test-method> <!-- E2E_BulkOrder -->
        <test-method is-config="true" signature="closeBrowser()[pri:0, instance:eCommerceApp.Tests.BulkOrderUsingExcel@3e7dd664]" started-at="2024-09-17T03:24:17 IST" name="closeBrowser" finished-at="2024-09-17T03:24:17 IST" duration-ms="196" status="PASS">
          <reporter-output>
          </reporter-output>
        </test-method> <!-- closeBrowser -->
        <test-method is-config="true" signature="launchApp()[pri:0, instance:eCommerceApp.Tests.BulkOrderUsingExcel@3e7dd664]" started-at="2024-09-17T03:24:17 IST" name="launchApp" finished-at="2024-09-17T03:24:19 IST" duration-ms="1818" status="PASS">
          <reporter-output>
          </reporter-output>
        </test-method> <!-- launchApp -->
        <test-method signature="E2E_BulkOrder(java.util.HashMap)[pri:0, instance:eCommerceApp.Tests.BulkOrderUsingExcel@3e7dd664]" started-at="2024-09-17T03:24:19 IST" name="E2E_BulkOrder" description="Complete E2E bulk orders flow and verification of the same" data-provider="getDataFromExcel" finished-at="2024-09-17T03:24:33 IST" duration-ms="14097" status="PASS">
          <params>
            <param index="0">
              <value>
                <![CDATA[{country=Ireland, password=RahulShetty@1235, emailID=hughjackmanpookie@gmail.com, tcno=4.0, products=ZARA COAT 3;IPHONE 13 PRO}]]>
              </value>
            </param>
          </params>
          <reporter-output>
          </reporter-output>
        </test-method> <!-- E2E_BulkOrder -->
        <test-method is-config="true" signature="closeBrowser()[pri:0, instance:eCommerceApp.Tests.BulkOrderUsingExcel@3e7dd664]" started-at="2024-09-17T03:24:34 IST" name="closeBrowser" finished-at="2024-09-17T03:24:34 IST" duration-ms="145" status="PASS">
          <reporter-output>
          </reporter-output>
        </test-method> <!-- closeBrowser -->
      </class> <!-- eCommerceApp.Tests.BulkOrderUsingExcel -->
    </test> <!-- bulkOrderUsingExcel -->
  </suite> <!-- ECommerce -->
</testng-results>
