<?xml version="1.0" encoding="UTF-8"?>
<!-- Generated by org.testng.reporters.JUnitXMLReporter -->
<testsuite ignored="0" hostname="Aishwarya" failures="0" tests="5" name="BulkOrder" time="231.194" errors="0" timestamp="2024-09-18T02:24:45 IST">
  <testcase classname="eCommerceApp.Tests.BulkOrder" name="E2E_BulkOrder_Using_JSON" time="31.282"/>
  <testcase classname="eCommerceApp.Tests.BulkOrder" name="E2E_BulkOrder_Using_JSON" time="43.04"/>
  <testcase classname="eCommerceApp.Tests.BulkOrder" name="E2E_BulkOrder_Using_JSON" time="41.839"/>
  <testcase classname="eCommerceApp.Tests.BulkOrder" name="E2E_BulkOrder_Using_JSON" time="39.921">
    <skipped/>
  </testcase> <!-- E2E_BulkOrder_Using_JSON -->
  <testcase classname="eCommerceApp.Tests.BulkOrder" name="E2E_BulkOrder_Using_JSON" time="42.965"/>
</testsuite> <!-- BulkOrder -->
