<?xml version="1.0" encoding="UTF-8"?>
<!-- Generated by org.testng.reporters.JUnitXMLReporter -->
<testsuite ignored="0" hostname="Aishwarya" failures="0" tests="5" name="bulkOrderUsingExcel" time="107.98" errors="0" timestamp="2024-09-17T03:24:34 IST">
  <testcase classname="eCommerceApp.Tests.BulkOrderUsingExcel" name="E2E_BulkOrder" time="19.018"/>
  <testcase classname="eCommerceApp.Tests.BulkOrderUsingExcel" name="E2E_BulkOrder" time="18.86"/>
  <testcase classname="eCommerceApp.Tests.BulkOrderUsingExcel" name="E2E_BulkOrder" time="19.043"/>
  <testcase classname="eCommerceApp.Tests.BulkOrderUsingExcel" name="E2E_BulkOrder" time="21.802">
    <skipped/>
  </testcase> <!-- E2E_BulkOrder -->
  <testcase classname="eCommerceApp.Tests.BulkOrderUsingExcel" name="E2E_BulkOrder" time="14.097"/>
</testsuite> <!-- bulkOrderUsingExcel -->
