<?xml version="1.0" encoding="UTF-8"?>
<!-- Generated by org.testng.reporters.JUnitXMLReporter -->
<testsuite ignored="0" hostname="Aishwarya" failures="2" tests="6" name="bulkOrderUsingExcel" time="300.787" errors="0" timestamp="2024-09-18T02:25:57 IST">
  <testcase classname="eCommerceApp.Tests.BulkOrderUsingExcel" name="E2E_BulkOrder_Using_Excel" time="38.202">
    <skipped/>
  </testcase> <!-- E2E_BulkOrder_Using_Excel -->
  <testcase classname="eCommerceApp.Tests.BulkOrderUsingExcel" name="E2E_BulkOrder_Using_Excel" time="48.883">
    <failure type="java.lang.AssertionError" message="expected [true] but found [false]">
      <![CDATA[java.lang.AssertionError: expected [true] but found [false]
at eCommerce.POM.Cart.verifyCart(Cart.java:41)
at eCommerceApp.Tests.BulkOrderUsingExcel.E2E_BulkOrder_Using_Excel(BulkOrderUsingExcel.java:33)
at java.base/java.util.ArrayList.forEach(ArrayList.java:1511)
at java.base/java.util.concurrent.FutureTask.run(FutureTask.java:264)
at java.base/java.util.concurrent.ThreadPoolExecutor.runWorker(ThreadPoolExecutor.java:1136)
at java.base/java.util.concurrent.ThreadPoolExecutor$Worker.run(ThreadPoolExecutor.java:635)
at java.base/java.lang.Thread.run(Thread.java:833)
... Removed 21 stack frames]]>
    </failure>
  </testcase> <!-- E2E_BulkOrder_Using_Excel -->
  <testcase classname="eCommerceApp.Tests.BulkOrderUsingExcel" name="E2E_BulkOrder_Using_Excel" time="39.085">
    <skipped/>
  </testcase> <!-- E2E_BulkOrder_Using_Excel -->
  <testcase classname="eCommerceApp.Tests.BulkOrderUsingExcel" name="E2E_BulkOrder_Using_Excel" time="37.417">
    <failure type="java.lang.AssertionError" message="expected [true] but found [false]">
      <![CDATA[java.lang.AssertionError: expected [true] but found [false]
at eCommerce.POM.Cart.verifyCart(Cart.java:41)
at eCommerceApp.Tests.BulkOrderUsingExcel.E2E_BulkOrder_Using_Excel(BulkOrderUsingExcel.java:33)
at java.base/java.util.ArrayList.forEach(ArrayList.java:1511)
at java.base/java.util.concurrent.FutureTask.run(FutureTask.java:264)
at java.base/java.util.concurrent.ThreadPoolExecutor.runWorker(ThreadPoolExecutor.java:1136)
at java.base/java.util.concurrent.ThreadPoolExecutor$Worker.run(ThreadPoolExecutor.java:635)
at java.base/java.lang.Thread.run(Thread.java:833)
... Removed 21 stack frames]]>
    </failure>
  </testcase> <!-- E2E_BulkOrder_Using_Excel -->
  <testcase classname="eCommerceApp.Tests.BulkOrderUsingExcel" name="E2E_BulkOrder_Using_Excel" time="40.994"/>
  <testcase classname="eCommerceApp.Tests.BulkOrderUsingExcel" name="E2E_BulkOrder_Using_Excel" time="40.795"/>
</testsuite> <!-- bulkOrderUsingExcel -->
