<?xml version="1.0" encoding="UTF-8"?>
<!-- Generated by org.testng.reporters.JUnitXMLReporter -->
<testsuite ignored="0" hostname="Karthik" failures="0" tests="4" name="BulkOrder" time="92.245" errors="0" timestamp="2024-09-09T03:14:10 IST">
  <testcase classname="eCommerceApp.Tests.BulkOrder" name="E2E_BulkOrder" time="19.544"/>
  <testcase classname="eCommerceApp.Tests.BulkOrder" name="E2E_BulkOrder" time="19.518"/>
  <testcase classname="eCommerceApp.Tests.BulkOrder" name="E2E_BulkOrder" time="19.752"/>
  <testcase classname="eCommerceApp.Tests.BulkOrder" name="E2E_BulkOrder" time="19.441"/>
</testsuite> <!-- BulkOrder -->
