<?xml version="1.0" encoding="UTF-8"?>
<!-- Generated by org.testng.reporters.JUnitXMLReporter -->
<testsuite ignored="0" hostname="Karthik" failures="0" tests="5" name="E2E" time="13.228" errors="0" timestamp="2024-09-05T20:48:51 IST">
  <testcase classname="eCommerceApp.Tests.StandAloneTest" name="login" time="2.172"/>
  <testcase classname="eCommerceApp.Tests.StandAloneTest" name="addToCartAndVerify" time="9.466"/>
  <testcase classname="eCommerceApp.Tests.StandAloneTest" name="verifyCart" time="0.53"/>
  <testcase classname="eCommerceApp.Tests.StandAloneTest" name="checkout" time="0.875"/>
  <testcase classname="eCommerceApp.Tests.StandAloneTest" name="captureOrderDetails" time="0.039"/>
</testsuite> <!-- E2E -->
