<?xml version="1.0" encoding="UTF-8"?>
<!-- Generated by org.testng.reporters.JUnitXMLReporter -->
<testsuite ignored="0" hostname="Aishwarya" failures="0" tests="3" name="Negative" time="64.055" errors="0" timestamp="2024-09-18T02:20:56 IST">
  <testcase classname="eCommerceApp.Tests.ErrorHandling" name="forgotPwdPageError" time="0.229"/>
  <testcase classname="eCommerceApp.Tests.ErrorHandling" name="loginErrorValidation" time="1.798"/>
  <testcase classname="eCommerceApp.Tests.ErrorHandling" name="loginErrorValidation" time="21.623">
    <skipped/>
  </testcase> <!-- loginErrorValidation -->
</testsuite> <!-- Negative -->
